This is pdfTeX, Version 3.141592653-2.6-1.40.25 (TeX Live 2023) (preloaded format=pdflatex 2023.10.8)  26 NOV 2023 09:39
entering extended mode
 restricted \write18 enabled.
 file:line:error style messages enabled.
 %&-line parsing enabled.
**/home/kevin/Documentos/documentation/Grado/diapositivas/definiciones_inductivas.tex
(/home/kevin/Documentos/documentation/Grado/diapositivas/definiciones_inductivas.tex
LaTeX2e <2023-06-01> patch level 1
L3 programming layer <2023-08-29>
(/usr/local/texlive/2023/texmf-dist/tex/latex/beamer/beamer.cls
Document Class: beamer 2023/05/15 v3.70 A class for typesetting presentations
(/usr/local/texlive/2023/texmf-dist/tex/latex/beamer/beamerbasemodes.sty (/usr/local/texlive/2023/texmf-dist/tex/latex/etoolbox/etoolbox.sty
Package: etoolbox 2020/10/05 v2.5k e-TeX tools for LaTeX (JAW)
\etb@tempcnta=\count185
)
\beamer@tempbox=\box51
\beamer@tempcount=\count186
\c@beamerpauses=\count187
 (/usr/local/texlive/2023/texmf-dist/tex/latex/beamer/beamerbasedecode.sty
\beamer@slideinframe=\count188
\beamer@minimum=\count189
\beamer@decode@box=\box52
)
\beamer@commentbox=\box53
\beamer@modecount=\count190
) (/usr/local/texlive/2023/texmf-dist/tex/generic/iftex/iftex.sty
Package: iftex 2022/02/03 v1.0f TeX engine tests
)
\headdp=\dimen140
\footheight=\dimen141
\sidebarheight=\dimen142
\beamer@tempdim=\dimen143
\beamer@finalheight=\dimen144
\beamer@animht=\dimen145
\beamer@animdp=\dimen146
\beamer@animwd=\dimen147
\beamer@leftmargin=\dimen148
\beamer@rightmargin=\dimen149
\beamer@leftsidebar=\dimen150
\beamer@rightsidebar=\dimen151
\beamer@boxsize=\dimen152
\beamer@vboxoffset=\dimen153
\beamer@descdefault=\dimen154
\beamer@descriptionwidth=\dimen155
\beamer@lastskip=\skip48
\beamer@areabox=\box54
\beamer@animcurrent=\box55
\beamer@animshowbox=\box56
\beamer@sectionbox=\box57
\beamer@logobox=\box58
\beamer@linebox=\box59
\beamer@sectioncount=\count191
\beamer@subsubsectionmax=\count192
\beamer@subsectionmax=\count193
\beamer@sectionmax=\count194
\beamer@totalheads=\count195
\beamer@headcounter=\count196
\beamer@partstartpage=\count197
\beamer@sectionstartpage=\count198
\beamer@subsectionstartpage=\count199
\beamer@animationtempa=\count266
\beamer@animationtempb=\count267
\beamer@xpos=\count268
\beamer@ypos=\count269
\beamer@ypos@offset=\count270
\beamer@showpartnumber=\count271
\beamer@currentsubsection=\count272
\beamer@coveringdepth=\count273
\beamer@sectionadjust=\count274
\beamer@toclastsection=\count275
\beamer@tocsectionnumber=\count276
 (/usr/local/texlive/2023/texmf-dist/tex/latex/beamer/beamerbaseoptions.sty (/usr/local/texlive/2023/texmf-dist/tex/latex/graphics/keyval.sty
Package: keyval 2022/05/29 v1.15 key=value parser (DPC)
\KV@toks@=\toks17
))
\beamer@paperwidth=\skip49
\beamer@paperheight=\skip50
 (/usr/local/texlive/2023/texmf-dist/tex/latex/geometry/geometry.sty
Package: geometry 2020/01/02 v5.9 Page Geometry
 (/usr/local/texlive/2023/texmf-dist/tex/generic/iftex/ifvtex.sty
Package: ifvtex 2019/10/25 v1.7 ifvtex legacy package. Use iftex instead.
)
\Gm@cnth=\count277
\Gm@cntv=\count278
\c@Gm@tempcnt=\count279
\Gm@bindingoffset=\dimen156
\Gm@wd@mp=\dimen157
\Gm@odd@mp=\dimen158
\Gm@even@mp=\dimen159
\Gm@layoutwidth=\dimen160
\Gm@layoutheight=\dimen161
\Gm@layouthoffset=\dimen162
\Gm@layoutvoffset=\dimen163
\Gm@dimlist=\toks18
) (/usr/local/texlive/2023/texmf-dist/tex/latex/pgf/math/pgfmath.sty (/usr/local/texlive/2023/texmf-dist/tex/latex/pgf/utilities/pgfrcs.sty (/usr/local/texlive/2023/texmf-dist/tex/generic/pgf/utilities/pgfutil-common.tex
\pgfutil@everybye=\toks19
\pgfutil@tempdima=\dimen164
\pgfutil@tempdimb=\dimen165
) (/usr/local/texlive/2023/texmf-dist/tex/generic/pgf/utilities/pgfutil-latex.def
\pgfutil@abb=\box60
) (/usr/local/texlive/2023/texmf-dist/tex/generic/pgf/utilities/pgfrcs.code.tex (/usr/local/texlive/2023/texmf-dist/tex/generic/pgf/pgf.revision.tex)
Package: pgfrcs 2023-01-15 v3.1.10 (3.1.10)
)) (/usr/local/texlive/2023/texmf-dist/tex/latex/pgf/utilities/pgfkeys.sty (/usr/local/texlive/2023/texmf-dist/tex/generic/pgf/utilities/pgfkeys.code.tex
\pgfkeys@pathtoks=\toks20
\pgfkeys@temptoks=\toks21
 (/usr/local/texlive/2023/texmf-dist/tex/generic/pgf/utilities/pgfkeyslibraryfiltered.code.tex
\pgfkeys@tmptoks=\toks22
))) (/usr/local/texlive/2023/texmf-dist/tex/generic/pgf/math/pgfmath.code.tex (/usr/local/texlive/2023/texmf-dist/tex/generic/pgf/math/pgfmathutil.code.tex
\pgf@x=\dimen166
\pgf@xa=\dimen167
\pgf@xb=\dimen168
\pgf@xc=\dimen169
\pgf@y=\dimen170
\pgf@ya=\dimen171
\pgf@yb=\dimen172
\pgf@yc=\dimen173
\c@pgf@counta=\count280
\c@pgf@countb=\count281
\c@pgf@countc=\count282
\c@pgf@countd=\count283
) (/usr/local/texlive/2023/texmf-dist/tex/generic/pgf/math/pgfmathparser.code.tex
\pgfmath@dimen=\dimen174
\pgfmath@count=\count284
\pgfmath@box=\box61
\pgfmath@toks=\toks23
\pgfmath@stack@operand=\toks24
\pgfmath@stack@operation=\toks25
) (/usr/local/texlive/2023/texmf-dist/tex/generic/pgf/math/pgfmathfunctions.code.tex) (/usr/local/texlive/2023/texmf-dist/tex/generic/pgf/math/pgfmathfunctions.basic.code.tex) (/usr/local/texlive/2023/texmf-dist/tex/generic/pgf/math/pgfmathfunctions.trigonometric.code.tex) (/usr/local/texlive/2023/texmf-dist/tex/generic/pgf/math/pgfmathfunctions.random.code.tex) (/usr/local/texlive/2023/texmf-dist/tex/generic/pgf/math/pgfmathfunctions.comparison.code.tex) (/usr/local/texlive/2023/texmf-dist/tex/generic/pgf/math/pgfmathfunctions.base.code.tex) (/usr/local/texlive/2023/texmf-dist/tex/generic/pgf/math/pgfmathfunctions.round.code.tex) (/usr/local/texlive/2023/texmf-dist/tex/generic/pgf/math/pgfmathfunctions.misc.code.tex) (/usr/local/texlive/2023/texmf-dist/tex/generic/pgf/math/pgfmathfunctions.integerarithmetics.code.tex) (/usr/local/texlive/2023/texmf-dist/tex/generic/pgf/math/pgfmathcalc.code.tex) (/usr/local/texlive/2023/texmf-dist/tex/generic/pgf/math/pgfmathfloat.code.tex
\c@pgfmathroundto@lastzeros=\count285
))) (/usr/local/texlive/2023/texmf-dist/tex/latex/extsizes/size8.clo
File: size8.clo 1999/11/11 v1.4a NON-Standard LaTeX file (size option)
) (/usr/local/texlive/2023/texmf-dist/tex/latex/pgf/basiclayer/pgfcore.sty (/usr/local/texlive/2023/texmf-dist/tex/latex/graphics/graphicx.sty
Package: graphicx 2021/09/16 v1.2d Enhanced LaTeX Graphics (DPC,SPQR)
 (/usr/local/texlive/2023/texmf-dist/tex/latex/graphics/graphics.sty
Package: graphics 2022/03/10 v1.4e Standard LaTeX Graphics (DPC,SPQR)
 (/usr/local/texlive/2023/texmf-dist/tex/latex/graphics/trig.sty
Package: trig 2021/08/11 v1.11 sin cos tan (DPC)
) (/usr/local/texlive/2023/texmf-dist/tex/latex/graphics-cfg/graphics.cfg
File: graphics.cfg 2016/06/04 v1.11 sample graphics configuration
)
Package graphics Info: Driver file: pdftex.def on input line 107.
 (/usr/local/texlive/2023/texmf-dist/tex/latex/graphics-def/pdftex.def
File: pdftex.def 2022/09/22 v1.2b Graphics/color driver for pdftex
))
\Gin@req@height=\dimen175
\Gin@req@width=\dimen176
) (/usr/local/texlive/2023/texmf-dist/tex/latex/pgf/systemlayer/pgfsys.sty (/usr/local/texlive/2023/texmf-dist/tex/generic/pgf/systemlayer/pgfsys.code.tex
Package: pgfsys 2023-01-15 v3.1.10 (3.1.10)
\pgf@x=\dimen177
\pgf@y=\dimen178
\pgf@xa=\dimen179
\pgf@ya=\dimen180
\pgf@xb=\dimen181
\pgf@yb=\dimen182
\pgf@xc=\dimen183
\pgf@yc=\dimen184
\pgf@xd=\dimen185
\pgf@yd=\dimen186
\w@pgf@writea=\write3
\r@pgf@reada=\read2
\c@pgf@counta=\count286
\c@pgf@countb=\count287
\c@pgf@countc=\count288
\c@pgf@countd=\count289
\t@pgf@toka=\toks26
\t@pgf@tokb=\toks27
\t@pgf@tokc=\toks28
\pgf@sys@id@count=\count290
 (/usr/local/texlive/2023/texmf-dist/tex/generic/pgf/systemlayer/pgf.cfg
File: pgf.cfg 2023-01-15 v3.1.10 (3.1.10)
)
Driver file for pgf: pgfsys-pdftex.def
 (/usr/local/texlive/2023/texmf-dist/tex/generic/pgf/systemlayer/pgfsys-pdftex.def
File: pgfsys-pdftex.def 2023-01-15 v3.1.10 (3.1.10)
 (/usr/local/texlive/2023/texmf-dist/tex/generic/pgf/systemlayer/pgfsys-common-pdf.def
File: pgfsys-common-pdf.def 2023-01-15 v3.1.10 (3.1.10)
))) (/usr/local/texlive/2023/texmf-dist/tex/generic/pgf/systemlayer/pgfsyssoftpath.code.tex
File: pgfsyssoftpath.code.tex 2023-01-15 v3.1.10 (3.1.10)
\pgfsyssoftpath@smallbuffer@items=\count291
\pgfsyssoftpath@bigbuffer@items=\count292
) (/usr/local/texlive/2023/texmf-dist/tex/generic/pgf/systemlayer/pgfsysprotocol.code.tex
File: pgfsysprotocol.code.tex 2023-01-15 v3.1.10 (3.1.10)
)) (/usr/local/texlive/2023/texmf-dist/tex/latex/xcolor/xcolor.sty
Package: xcolor 2022/06/12 v2.14 LaTeX color extensions (UK)
 (/usr/local/texlive/2023/texmf-dist/tex/latex/graphics-cfg/color.cfg
File: color.cfg 2016/01/02 v1.6 sample color configuration
)
Package xcolor Info: Driver file: pdftex.def on input line 227.
 (/usr/local/texlive/2023/texmf-dist/tex/latex/graphics/mathcolor.ltx)
Package xcolor Info: Model `cmy' substituted by `cmy0' on input line 1353.
Package xcolor Info: Model `hsb' substituted by `rgb' on input line 1357.
Package xcolor Info: Model `RGB' extended on input line 1369.
Package xcolor Info: Model `HTML' substituted by `rgb' on input line 1371.
Package xcolor Info: Model `Hsb' substituted by `hsb' on input line 1372.
Package xcolor Info: Model `tHsb' substituted by `hsb' on input line 1373.
Package xcolor Info: Model `HSB' substituted by `hsb' on input line 1374.
Package xcolor Info: Model `Gray' substituted by `gray' on input line 1375.
Package xcolor Info: Model `wave' substituted by `hsb' on input line 1376.
 (/usr/local/texlive/2023/texmf-dist/tex/latex/graphics/dvipsnam.def
File: dvipsnam.def 2016/06/17 v3.0m Driver-dependent file (DPC,SPQR)
)) (/usr/local/texlive/2023/texmf-dist/tex/generic/pgf/basiclayer/pgfcore.code.tex
Package: pgfcore 2023-01-15 v3.1.10 (3.1.10)
 (/usr/local/texlive/2023/texmf-dist/tex/generic/pgf/math/pgfint.code.tex) (/usr/local/texlive/2023/texmf-dist/tex/generic/pgf/basiclayer/pgfcorepoints.code.tex
File: pgfcorepoints.code.tex 2023-01-15 v3.1.10 (3.1.10)
\pgf@picminx=\dimen187
\pgf@picmaxx=\dimen188
\pgf@picminy=\dimen189
\pgf@picmaxy=\dimen190
\pgf@pathminx=\dimen191
\pgf@pathmaxx=\dimen192
\pgf@pathminy=\dimen193
\pgf@pathmaxy=\dimen194
\pgf@xx=\dimen195
\pgf@xy=\dimen196
\pgf@yx=\dimen197
\pgf@yy=\dimen198
\pgf@zx=\dimen199
\pgf@zy=\dimen256
) (/usr/local/texlive/2023/texmf-dist/tex/generic/pgf/basiclayer/pgfcorepathconstruct.code.tex
File: pgfcorepathconstruct.code.tex 2023-01-15 v3.1.10 (3.1.10)
\pgf@path@lastx=\dimen257
\pgf@path@lasty=\dimen258
) (/usr/local/texlive/2023/texmf-dist/tex/generic/pgf/basiclayer/pgfcorepathusage.code.tex
File: pgfcorepathusage.code.tex 2023-01-15 v3.1.10 (3.1.10)
\pgf@shorten@end@additional=\dimen259
\pgf@shorten@start@additional=\dimen260
) (/usr/local/texlive/2023/texmf-dist/tex/generic/pgf/basiclayer/pgfcorescopes.code.tex
File: pgfcorescopes.code.tex 2023-01-15 v3.1.10 (3.1.10)
\pgfpic=\box62
\pgf@hbox=\box63
\pgf@layerbox@main=\box64
\pgf@picture@serial@count=\count293
) (/usr/local/texlive/2023/texmf-dist/tex/generic/pgf/basiclayer/pgfcoregraphicstate.code.tex
File: pgfcoregraphicstate.code.tex 2023-01-15 v3.1.10 (3.1.10)
\pgflinewidth=\dimen261
) (/usr/local/texlive/2023/texmf-dist/tex/generic/pgf/basiclayer/pgfcoretransformations.code.tex
File: pgfcoretransformations.code.tex 2023-01-15 v3.1.10 (3.1.10)
\pgf@pt@x=\dimen262
\pgf@pt@y=\dimen263
\pgf@pt@temp=\dimen264
) (/usr/local/texlive/2023/texmf-dist/tex/generic/pgf/basiclayer/pgfcorequick.code.tex
File: pgfcorequick.code.tex 2023-01-15 v3.1.10 (3.1.10)
) (/usr/local/texlive/2023/texmf-dist/tex/generic/pgf/basiclayer/pgfcoreobjects.code.tex
File: pgfcoreobjects.code.tex 2023-01-15 v3.1.10 (3.1.10)
) (/usr/local/texlive/2023/texmf-dist/tex/generic/pgf/basiclayer/pgfcorepathprocessing.code.tex
File: pgfcorepathprocessing.code.tex 2023-01-15 v3.1.10 (3.1.10)
) (/usr/local/texlive/2023/texmf-dist/tex/generic/pgf/basiclayer/pgfcorearrows.code.tex
File: pgfcorearrows.code.tex 2023-01-15 v3.1.10 (3.1.10)
\pgfarrowsep=\dimen265
) (/usr/local/texlive/2023/texmf-dist/tex/generic/pgf/basiclayer/pgfcoreshade.code.tex
File: pgfcoreshade.code.tex 2023-01-15 v3.1.10 (3.1.10)
\pgf@max=\dimen266
\pgf@sys@shading@range@num=\count294
\pgf@shadingcount=\count295
) (/usr/local/texlive/2023/texmf-dist/tex/generic/pgf/basiclayer/pgfcoreimage.code.tex
File: pgfcoreimage.code.tex 2023-01-15 v3.1.10 (3.1.10)
) (/usr/local/texlive/2023/texmf-dist/tex/generic/pgf/basiclayer/pgfcoreexternal.code.tex
File: pgfcoreexternal.code.tex 2023-01-15 v3.1.10 (3.1.10)
\pgfexternal@startupbox=\box65
) (/usr/local/texlive/2023/texmf-dist/tex/generic/pgf/basiclayer/pgfcorelayers.code.tex
File: pgfcorelayers.code.tex 2023-01-15 v3.1.10 (3.1.10)
) (/usr/local/texlive/2023/texmf-dist/tex/generic/pgf/basiclayer/pgfcoretransparency.code.tex
File: pgfcoretransparency.code.tex 2023-01-15 v3.1.10 (3.1.10)
) (/usr/local/texlive/2023/texmf-dist/tex/generic/pgf/basiclayer/pgfcorepatterns.code.tex
File: pgfcorepatterns.code.tex 2023-01-15 v3.1.10 (3.1.10)
) (/usr/local/texlive/2023/texmf-dist/tex/generic/pgf/basiclayer/pgfcorerdf.code.tex
File: pgfcorerdf.code.tex 2023-01-15 v3.1.10 (3.1.10)
))) (/usr/local/texlive/2023/texmf-dist/tex/latex/pgf/utilities/xxcolor.sty
Package: xxcolor 2003/10/24 ver 0.1
\XC@nummixins=\count296
\XC@countmixins=\count297
) (/usr/local/texlive/2023/texmf-dist/tex/latex/base/atbegshi-ltx.sty
Package: atbegshi-ltx 2021/01/10 v1.0c Emulation of the original atbegshi
package with kernel methods
) (/usr/local/texlive/2023/texmf-dist/tex/latex/hyperref/hyperref.sty
Package: hyperref 2023-07-08 v7.01b Hypertext links for LaTeX
 (/usr/local/texlive/2023/texmf-dist/tex/generic/ltxcmds/ltxcmds.sty
Package: ltxcmds 2020-05-10 v1.25 LaTeX kernel commands for general use (HO)
) (/usr/local/texlive/2023/texmf-dist/tex/generic/pdftexcmds/pdftexcmds.sty
Package: pdftexcmds 2020-06-27 v0.33 Utility functions of pdfTeX for LuaTeX (HO)
 (/usr/local/texlive/2023/texmf-dist/tex/generic/infwarerr/infwarerr.sty
Package: infwarerr 2019/12/03 v1.5 Providing info/warning/error messages (HO)
)
Package pdftexcmds Info: \pdf@primitive is available.
Package pdftexcmds Info: \pdf@ifprimitive is available.
Package pdftexcmds Info: \pdfdraftmode found.
) (/usr/local/texlive/2023/texmf-dist/tex/latex/kvsetkeys/kvsetkeys.sty
Package: kvsetkeys 2022-10-05 v1.19 Key value parser (HO)
) (/usr/local/texlive/2023/texmf-dist/tex/generic/kvdefinekeys/kvdefinekeys.sty
Package: kvdefinekeys 2019-12-19 v1.6 Define keys (HO)
) (/usr/local/texlive/2023/texmf-dist/tex/generic/pdfescape/pdfescape.sty
Package: pdfescape 2019/12/09 v1.15 Implements pdfTeX's escape features (HO)
) (/usr/local/texlive/2023/texmf-dist/tex/latex/hycolor/hycolor.sty
Package: hycolor 2020-01-27 v1.10 Color options for hyperref/bookmark (HO)
) (/usr/local/texlive/2023/texmf-dist/tex/latex/letltxmacro/letltxmacro.sty
Package: letltxmacro 2019/12/03 v1.6 Let assignment for LaTeX macros (HO)
) (/usr/local/texlive/2023/texmf-dist/tex/latex/auxhook/auxhook.sty
Package: auxhook 2019-12-17 v1.6 Hooks for auxiliary files (HO)
) (/usr/local/texlive/2023/texmf-dist/tex/latex/hyperref/nameref.sty
Package: nameref 2023-08-07 v2.53 Cross-referencing by name of section
 (/usr/local/texlive/2023/texmf-dist/tex/latex/refcount/refcount.sty
Package: refcount 2019/12/15 v3.6 Data extraction from label references (HO)
) (/usr/local/texlive/2023/texmf-dist/tex/generic/gettitlestring/gettitlestring.sty
Package: gettitlestring 2019/12/15 v1.6 Cleanup title references (HO)
 (/usr/local/texlive/2023/texmf-dist/tex/latex/kvoptions/kvoptions.sty
Package: kvoptions 2022-06-15 v3.15 Key value format for package options (HO)
))
\c@section@level=\count298
)
\@linkdim=\dimen267
\Hy@linkcounter=\count299
\Hy@pagecounter=\count300
 (/usr/local/texlive/2023/texmf-dist/tex/latex/hyperref/pd1enc.def
File: pd1enc.def 2023-07-08 v7.01b Hyperref: PDFDocEncoding definition (HO)
Now handling font encoding PD1 ...
... no UTF-8 mapping file for font encoding PD1
) (/usr/local/texlive/2023/texmf-dist/tex/generic/intcalc/intcalc.sty
Package: intcalc 2019/12/15 v1.3 Expandable calculations with integers (HO)
)
\Hy@SavedSpaceFactor=\count301
 (/usr/local/texlive/2023/texmf-dist/tex/latex/hyperref/puenc.def
File: puenc.def 2023-07-08 v7.01b Hyperref: PDF Unicode definition (HO)
Now handling font encoding PU ...
... no UTF-8 mapping file for font encoding PU
)
Package hyperref Info: Option `bookmarks' set `true' on input line 4050.
Package hyperref Info: Option `bookmarksopen' set `true' on input line 4050.
Package hyperref Info: Option `implicit' set `false' on input line 4050.
Package hyperref Info: Hyper figures OFF on input line 4167.
Package hyperref Info: Link nesting OFF on input line 4172.
Package hyperref Info: Hyper index ON on input line 4175.
Package hyperref Info: Plain pages OFF on input line 4182.
Package hyperref Info: Backreferencing OFF on input line 4187.
Package hyperref Info: Implicit mode OFF; no redefinition of LaTeX internals.
Package hyperref Info: Bookmarks ON on input line 4434.
\c@Hy@tempcnt=\count302
 (/usr/local/texlive/2023/texmf-dist/tex/latex/url/url.sty
\Urlmuskip=\muskip16
Package: url 2013/09/16  ver 3.4  Verb mode for urls, etc.
)
LaTeX Info: Redefining \url on input line 4772.
\XeTeXLinkMargin=\dimen268
 (/usr/local/texlive/2023/texmf-dist/tex/generic/bitset/bitset.sty
Package: bitset 2019/12/09 v1.3 Handle bit-vector datatype (HO)
 (/usr/local/texlive/2023/texmf-dist/tex/generic/bigintcalc/bigintcalc.sty
Package: bigintcalc 2019/12/15 v1.5 Expandable calculations on big integers (HO)
))
\Fld@menulength=\count303
\Field@Width=\dimen269
\Fld@charsize=\dimen270
Package hyperref Info: Hyper figures OFF on input line 6051.
Package hyperref Info: Link nesting OFF on input line 6056.
Package hyperref Info: Hyper index ON on input line 6059.
Package hyperref Info: backreferencing OFF on input line 6066.
Package hyperref Info: Link coloring OFF on input line 6071.
Package hyperref Info: Link coloring with OCG OFF on input line 6076.
Package hyperref Info: PDF/A mode OFF on input line 6081.
\Hy@abspage=\count304


Package hyperref Message: Stopped early.

)
Package hyperref Info: Driver (autodetected): hpdftex.
 (/usr/local/texlive/2023/texmf-dist/tex/latex/hyperref/hpdftex.def
File: hpdftex.def 2023-07-08 v7.01b Hyperref driver for pdfTeX
 (/usr/local/texlive/2023/texmf-dist/tex/latex/base/atveryend-ltx.sty
Package: atveryend-ltx 2020/08/19 v1.0a Emulation of the original atveryend package
with kernel methods
)
\Fld@listcount=\count305
\c@bookmark@seq@number=\count306
 (/usr/local/texlive/2023/texmf-dist/tex/latex/rerunfilecheck/rerunfilecheck.sty
Package: rerunfilecheck 2022-07-10 v1.10 Rerun checks for auxiliary files (HO)
 (/usr/local/texlive/2023/texmf-dist/tex/generic/uniquecounter/uniquecounter.sty
Package: uniquecounter 2019/12/15 v1.4 Provide unlimited unique counter (HO)
)
Package uniquecounter Info: New unique counter `rerunfilecheck' on input line 285.
)) (/usr/local/texlive/2023/texmf-dist/tex/latex/beamer/beamerbaserequires.sty (/usr/local/texlive/2023/texmf-dist/tex/latex/beamer/beamerbasecompatibility.sty) (/usr/local/texlive/2023/texmf-dist/tex/latex/beamer/beamerbasefont.sty (/usr/local/texlive/2023/texmf-dist/tex/latex/amsfonts/amssymb.sty
Package: amssymb 2013/01/14 v3.01 AMS font symbols
 (/usr/local/texlive/2023/texmf-dist/tex/latex/amsfonts/amsfonts.sty
Package: amsfonts 2013/01/14 v3.01 Basic AMSFonts support
\@emptytoks=\toks29
\symAMSa=\mathgroup4
\symAMSb=\mathgroup5
LaTeX Font Info:    Redeclaring math symbol \hbar on input line 98.
LaTeX Font Info:    Overwriting math alphabet `\mathfrak' in version `bold'
(Font)                  U/euf/m/n --> U/euf/b/n on input line 106.
)) (/usr/local/texlive/2023/texmf-dist/tex/latex/sansmathaccent/sansmathaccent.sty
Package: sansmathaccent 2020/01/31
 (/usr/local/texlive/2023/texmf-dist/tex/latex/koma-script/scrlfile.sty
Package: scrlfile 2023/07/07 v3.41 KOMA-Script package (file load hooks)
 (/usr/local/texlive/2023/texmf-dist/tex/latex/koma-script/scrlfile-hook.sty
Package: scrlfile-hook 2023/07/07 v3.41 KOMA-Script package (using LaTeX hooks)
 (/usr/local/texlive/2023/texmf-dist/tex/latex/koma-script/scrlogo.sty
Package: scrlogo 2023/07/07 v3.41 KOMA-Script package (logo)
))))) (/usr/local/texlive/2023/texmf-dist/tex/latex/beamer/beamerbasetranslator.sty (/usr/local/texlive/2023/texmf-dist/tex/latex/translator/translator.sty
Package: translator 2021-05-31 v1.12d Easy translation of strings in LaTeX
)) (/usr/local/texlive/2023/texmf-dist/tex/latex/beamer/beamerbasemisc.sty) (/usr/local/texlive/2023/texmf-dist/tex/latex/beamer/beamerbasetwoscreens.sty) (/usr/local/texlive/2023/texmf-dist/tex/latex/beamer/beamerbaseoverlay.sty
\beamer@argscount=\count307
\beamer@lastskipcover=\skip51
\beamer@trivlistdepth=\count308
) (/usr/local/texlive/2023/texmf-dist/tex/latex/beamer/beamerbasetitle.sty) (/usr/local/texlive/2023/texmf-dist/tex/latex/beamer/beamerbasesection.sty
\c@lecture=\count309
\c@part=\count310
\c@section=\count311
\c@subsection=\count312
\c@subsubsection=\count313
) (/usr/local/texlive/2023/texmf-dist/tex/latex/beamer/beamerbaseframe.sty
\beamer@framebox=\box66
\beamer@frametitlebox=\box67
\beamer@zoombox=\box68
\beamer@zoomcount=\count314
\beamer@zoomframecount=\count315
\beamer@frametextheight=\dimen271
\c@subsectionslide=\count316
\beamer@frametopskip=\skip52
\beamer@framebottomskip=\skip53
\beamer@frametopskipautobreak=\skip54
\beamer@framebottomskipautobreak=\skip55
\beamer@envbody=\toks30
\framewidth=\dimen272
\c@framenumber=\count317
) (/usr/local/texlive/2023/texmf-dist/tex/latex/beamer/beamerbaseverbatim.sty
\beamer@verbatimfileout=\write4
) (/usr/local/texlive/2023/texmf-dist/tex/latex/beamer/beamerbaseframesize.sty
\beamer@splitbox=\box69
\beamer@autobreakcount=\count318
\beamer@autobreaklastheight=\dimen273
\beamer@frametitletoks=\toks31
\beamer@framesubtitletoks=\toks32
) (/usr/local/texlive/2023/texmf-dist/tex/latex/beamer/beamerbaseframecomponents.sty
\beamer@footins=\box70
) (/usr/local/texlive/2023/texmf-dist/tex/latex/beamer/beamerbasecolor.sty) (/usr/local/texlive/2023/texmf-dist/tex/latex/beamer/beamerbasenotes.sty
\beamer@frameboxcopy=\box71
) (/usr/local/texlive/2023/texmf-dist/tex/latex/beamer/beamerbasetoc.sty) (/usr/local/texlive/2023/texmf-dist/tex/latex/beamer/beamerbasetemplates.sty
\beamer@sbttoks=\toks33
 (/usr/local/texlive/2023/texmf-dist/tex/latex/beamer/beamerbaseauxtemplates.sty (/usr/local/texlive/2023/texmf-dist/tex/latex/beamer/beamerbaseboxes.sty
\bmb@box=\box72
\bmb@colorbox=\box73
\bmb@boxwidth=\dimen274
\bmb@boxheight=\dimen275
\bmb@prevheight=\dimen276
\bmb@temp=\dimen277
\bmb@dima=\dimen278
\bmb@dimb=\dimen279
\bmb@prevheight=\dimen280
)
\beamer@blockheadheight=\dimen281
)) (/usr/local/texlive/2023/texmf-dist/tex/latex/beamer/beamerbaselocalstructure.sty (/usr/local/texlive/2023/texmf-dist/tex/latex/tools/enumerate.sty
Package: enumerate 2015/07/23 v3.00 enumerate extensions (DPC)
\@enLab=\toks34
)
\beamer@bibiconwidth=\skip56
\c@figure=\count319
\c@table=\count320
\abovecaptionskip=\skip57
\belowcaptionskip=\skip58
) (/usr/local/texlive/2023/texmf-dist/tex/latex/beamer/beamerbasenavigation.sty (/usr/local/texlive/2023/texmf-dist/tex/latex/beamer/beamerbasenavigationsymbols.tex)
\beamer@section@min@dim=\dimen282
) (/usr/local/texlive/2023/texmf-dist/tex/latex/beamer/beamerbasetheorems.sty (/usr/local/texlive/2023/texmf-dist/tex/latex/amsmath/amsmath.sty
Package: amsmath 2023/05/13 v2.17o AMS math features
\@mathmargin=\skip59

For additional information on amsmath, use the `?' option.
(/usr/local/texlive/2023/texmf-dist/tex/latex/amsmath/amstext.sty
Package: amstext 2021/08/26 v2.01 AMS text
 (/usr/local/texlive/2023/texmf-dist/tex/latex/amsmath/amsgen.sty
File: amsgen.sty 1999/11/30 v2.0 generic functions
\@emptytoks=\toks35
\ex@=\dimen283
)) (/usr/local/texlive/2023/texmf-dist/tex/latex/amsmath/amsbsy.sty
Package: amsbsy 1999/11/29 v1.2d Bold Symbols
\pmbraise@=\dimen284
) (/usr/local/texlive/2023/texmf-dist/tex/latex/amsmath/amsopn.sty
Package: amsopn 2022/04/08 v2.04 operator names
)
\inf@bad=\count321
LaTeX Info: Redefining \frac on input line 234.
\uproot@=\count322
\leftroot@=\count323
LaTeX Info: Redefining \overline on input line 399.
LaTeX Info: Redefining \colon on input line 410.
\classnum@=\count324
\DOTSCASE@=\count325
LaTeX Info: Redefining \ldots on input line 496.
LaTeX Info: Redefining \dots on input line 499.
LaTeX Info: Redefining \cdots on input line 620.
\Mathstrutbox@=\box74
\strutbox@=\box75
LaTeX Info: Redefining \big on input line 722.
LaTeX Info: Redefining \Big on input line 723.
LaTeX Info: Redefining \bigg on input line 724.
LaTeX Info: Redefining \Bigg on input line 725.
\big@size=\dimen285
LaTeX Font Info:    Redeclaring font encoding OML on input line 743.
LaTeX Font Info:    Redeclaring font encoding OMS on input line 744.
\macc@depth=\count326
LaTeX Info: Redefining \bmod on input line 905.
LaTeX Info: Redefining \pmod on input line 910.
LaTeX Info: Redefining \smash on input line 940.
LaTeX Info: Redefining \relbar on input line 970.
LaTeX Info: Redefining \Relbar on input line 971.
\c@MaxMatrixCols=\count327
\dotsspace@=\muskip17
\c@parentequation=\count328
\dspbrk@lvl=\count329
\tag@help=\toks36
\row@=\count330
\column@=\count331
\maxfields@=\count332
\andhelp@=\toks37
\eqnshift@=\dimen286
\alignsep@=\dimen287
\tagshift@=\dimen288
\tagwidth@=\dimen289
\totwidth@=\dimen290
\lineht@=\dimen291
\@envbody=\toks38
\multlinegap=\skip60
\multlinetaggap=\skip61
\mathdisplay@stack=\toks39
LaTeX Info: Redefining \[ on input line 2953.
LaTeX Info: Redefining \] on input line 2954.
) (/usr/local/texlive/2023/texmf-dist/tex/latex/amscls/amsthm.sty
Package: amsthm 2020/05/29 v2.20.6
\thm@style=\toks40
\thm@bodyfont=\toks41
\thm@headfont=\toks42
\thm@notefont=\toks43
\thm@headpunct=\toks44
\thm@preskip=\skip62
\thm@postskip=\skip63
\thm@headsep=\skip64
\dth@everypar=\toks45
)
\c@theorem=\count333
) (/usr/local/texlive/2023/texmf-dist/tex/latex/beamer/beamerbasethemes.sty)) (/usr/local/texlive/2023/texmf-dist/tex/latex/beamer/beamerthemedefault.sty (/usr/local/texlive/2023/texmf-dist/tex/latex/beamer/beamerfontthemedefault.sty) (/usr/local/texlive/2023/texmf-dist/tex/latex/beamer/beamercolorthemedefault.sty) (/usr/local/texlive/2023/texmf-dist/tex/latex/beamer/beamerinnerthemedefault.sty
\beamer@dima=\dimen292
\beamer@dimb=\dimen293
) (/usr/local/texlive/2023/texmf-dist/tex/latex/beamer/beamerouterthemedefault.sty))) (/usr/local/texlive/2023/texmf-dist/tex/latex/base/inputenc.sty
Package: inputenc 2021/02/14 v1.3d Input encoding file
\inpenc@prehook=\toks46
\inpenc@posthook=\toks47
) (/usr/local/texlive/2023/texmf-dist/tex/generic/babel/babel.sty
Package: babel 2023/09/29 v3.95 The Babel package
\babel@savecnt=\count334
\U@D=\dimen294
\l@unhyphenated=\language89
 (/usr/local/texlive/2023/texmf-dist/tex/generic/babel/txtbabel.def)
\bbl@readstream=\read3
LaTeX Info: Redefining \textlatin on input line 3947.
\bbl@dirlevel=\count335
 (/usr/local/texlive/2023/texmf-dist/tex/generic/babel-spanish/spanish.ldf
Language: spanish.ldf 2021/05/27 v5.0q Spanish support from the babel system
\es@quottoks=\toks48
\es@quotdepth=\count336
Package babel Info: Making " an active character on input line 570.
Package babel Info: Making . an active character on input line 675.
Package babel Info: Making < an active character on input line 722.
Package babel Info: Making > an active character on input line 722.
)) (/usr/local/texlive/2023/texmf-dist/tex/generic/babel/locale/es/babel-spanish.tex
Package babel Info: Importing font and identification data for spanish
(babel)             from babel-es.ini. Reported on input line 11.
) (/usr/local/texlive/2023/texmf-dist/tex/latex/base/fontenc.sty
Package: fontenc 2021/04/29 v2.0v Standard LaTeX package
) (/usr/local/texlive/2023/texmf-dist/tex/latex/lm/lmodern.sty
Package: lmodern 2015/05/01 v1.6.1 Latin Modern Fonts
LaTeX Font Info:    Overwriting symbol font `operators' in version `normal'
(Font)                  OT1/cmr/m/n --> OT1/lmr/m/n on input line 22.
LaTeX Font Info:    Overwriting symbol font `letters' in version `normal'
(Font)                  OML/cmm/m/it --> OML/lmm/m/it on input line 23.
LaTeX Font Info:    Overwriting symbol font `symbols' in version `normal'
(Font)                  OMS/cmsy/m/n --> OMS/lmsy/m/n on input line 24.
LaTeX Font Info:    Overwriting symbol font `largesymbols' in version `normal'
(Font)                  OMX/cmex/m/n --> OMX/lmex/m/n on input line 25.
LaTeX Font Info:    Overwriting symbol font `operators' in version `bold'
(Font)                  OT1/cmr/bx/n --> OT1/lmr/bx/n on input line 26.
LaTeX Font Info:    Overwriting symbol font `letters' in version `bold'
(Font)                  OML/cmm/b/it --> OML/lmm/b/it on input line 27.
LaTeX Font Info:    Overwriting symbol font `symbols' in version `bold'
(Font)                  OMS/cmsy/b/n --> OMS/lmsy/b/n on input line 28.
LaTeX Font Info:    Overwriting symbol font `largesymbols' in version `bold'
(Font)                  OMX/cmex/m/n --> OMX/lmex/m/n on input line 29.
LaTeX Font Info:    Overwriting math alphabet `\mathbf' in version `normal'
(Font)                  OT1/cmr/bx/n --> OT1/lmr/bx/n on input line 31.
LaTeX Font Info:    Overwriting math alphabet `\mathsf' in version `normal'
(Font)                  OT1/cmss/m/n --> OT1/lmss/m/n on input line 32.
LaTeX Font Info:    Overwriting math alphabet `\mathit' in version `normal'
(Font)                  OT1/cmr/m/it --> OT1/lmr/m/it on input line 33.
LaTeX Font Info:    Overwriting math alphabet `\mathtt' in version `normal'
(Font)                  OT1/cmtt/m/n --> OT1/lmtt/m/n on input line 34.
LaTeX Font Info:    Overwriting math alphabet `\mathbf' in version `bold'
(Font)                  OT1/cmr/bx/n --> OT1/lmr/bx/n on input line 35.
LaTeX Font Info:    Overwriting math alphabet `\mathsf' in version `bold'
(Font)                  OT1/cmss/bx/n --> OT1/lmss/bx/n on input line 36.
LaTeX Font Info:    Overwriting math alphabet `\mathit' in version `bold'
(Font)                  OT1/cmr/bx/it --> OT1/lmr/bx/it on input line 37.
LaTeX Font Info:    Overwriting math alphabet `\mathtt' in version `bold'
(Font)                  OT1/cmtt/m/n --> OT1/lmtt/m/n on input line 38.
) (/usr/local/texlive/2023/texmf-dist/tex/latex/base/latexsym.sty
Package: latexsym 1998/08/17 v2.2e Standard LaTeX package (lasy symbols)
\symlasy=\mathgroup6
LaTeX Font Info:    Overwriting symbol font `lasy' in version `bold'
(Font)                  U/lasy/m/n --> U/lasy/b/n on input line 52.
) (/usr/local/texlive/2023/texmf-dist/tex/latex/stmaryrd/stmaryrd.sty
Package: stmaryrd 1994/03/03 St Mary's Road symbol package
\symstmry=\mathgroup7
LaTeX Font Info:    Overwriting symbol font `stmry' in version `bold'
(Font)                  U/stmry/m/n --> U/stmry/b/n on input line 89.
) (/usr/local/texlive/2023/texmf-dist/tex/latex/fancyhdr/fancyhdr.sty
Package: fancyhdr 2022/11/09 v4.1 Extensive control of page headers and footers
\f@nch@headwidth=\skip65
\f@nch@O@elh=\skip66
\f@nch@O@erh=\skip67
\f@nch@O@olh=\skip68
\f@nch@O@orh=\skip69
\f@nch@O@elf=\skip70
\f@nch@O@erf=\skip71
\f@nch@O@olf=\skip72
\f@nch@O@orf=\skip73
) (/usr/local/texlive/2023/texmf-dist/tex/latex/wrapfig/wrapfig.sty
\wrapoverhang=\dimen295
\WF@size=\dimen296
\c@WF@wrappedlines=\count337
\WF@box=\box76
\WF@everypar=\toks49
Package: wrapfig 2003/01/31  v 3.6
) (/usr/local/texlive/2023/texmf-dist/tex/latex/pgf/frontendlayer/tikz.sty (/usr/local/texlive/2023/texmf-dist/tex/latex/pgf/basiclayer/pgf.sty
Package: pgf 2023-01-15 v3.1.10 (3.1.10)
 (/usr/local/texlive/2023/texmf-dist/tex/generic/pgf/modules/pgfmoduleshapes.code.tex
File: pgfmoduleshapes.code.tex 2023-01-15 v3.1.10 (3.1.10)
\pgfnodeparttextbox=\box77
) (/usr/local/texlive/2023/texmf-dist/tex/generic/pgf/modules/pgfmoduleplot.code.tex
File: pgfmoduleplot.code.tex 2023-01-15 v3.1.10 (3.1.10)
) (/usr/local/texlive/2023/texmf-dist/tex/latex/pgf/compatibility/pgfcomp-version-0-65.sty
Package: pgfcomp-version-0-65 2023-01-15 v3.1.10 (3.1.10)
\pgf@nodesepstart=\dimen297
\pgf@nodesepend=\dimen298
) (/usr/local/texlive/2023/texmf-dist/tex/latex/pgf/compatibility/pgfcomp-version-1-18.sty
Package: pgfcomp-version-1-18 2023-01-15 v3.1.10 (3.1.10)
)) (/usr/local/texlive/2023/texmf-dist/tex/latex/pgf/utilities/pgffor.sty (/usr/local/texlive/2023/texmf-dist/tex/generic/pgf/utilities/pgffor.code.tex
Package: pgffor 2023-01-15 v3.1.10 (3.1.10)
\pgffor@iter=\dimen299
\pgffor@skip=\dimen300
\pgffor@stack=\toks50
\pgffor@toks=\toks51
)) (/usr/local/texlive/2023/texmf-dist/tex/generic/pgf/frontendlayer/tikz/tikz.code.tex
Package: tikz 2023-01-15 v3.1.10 (3.1.10)
 (/usr/local/texlive/2023/texmf-dist/tex/generic/pgf/libraries/pgflibraryplothandlers.code.tex
File: pgflibraryplothandlers.code.tex 2023-01-15 v3.1.10 (3.1.10)
\pgf@plot@mark@count=\count338
\pgfplotmarksize=\dimen301
)
\tikz@lastx=\dimen302
\tikz@lasty=\dimen303
\tikz@lastxsaved=\dimen304
\tikz@lastysaved=\dimen305
\tikz@lastmovetox=\dimen306
\tikz@lastmovetoy=\dimen307
\tikzleveldistance=\dimen308
\tikzsiblingdistance=\dimen309
\tikz@figbox=\box78
\tikz@figbox@bg=\box79
\tikz@tempbox=\box80
\tikz@tempbox@bg=\box81
\tikztreelevel=\count339
\tikznumberofchildren=\count340
\tikznumberofcurrentchild=\count341
\tikz@fig@count=\count342
 (/usr/local/texlive/2023/texmf-dist/tex/generic/pgf/modules/pgfmodulematrix.code.tex
File: pgfmodulematrix.code.tex 2023-01-15 v3.1.10 (3.1.10)
\pgfmatrixcurrentrow=\count343
\pgfmatrixcurrentcolumn=\count344
\pgf@matrix@numberofcolumns=\count345
)
\tikz@expandcount=\count346
 (/usr/local/texlive/2023/texmf-dist/tex/generic/pgf/frontendlayer/tikz/libraries/tikzlibrarytopaths.code.tex
File: tikzlibrarytopaths.code.tex 2023-01-15 v3.1.10 (3.1.10)
))) (/usr/local/texlive/2023/texmf-dist/tex/latex/textpos/textpos.sty
Package: textpos 2022/07/23 v1.10.1
Package textpos Info: choosing support for LaTeX3 on input line 60.
\TP@textbox=\box82
\TPHorizModule=\dimen310
\TPVertModule=\dimen311
\TP@margin=\dimen312
\TP@absmargin=\dimen313

Grid set 16 x 16 = 22.7622pt x 17.07166pt
\TPboxrulesize=\dimen314
\TP@tbargs=\toks52
) (/usr/local/texlive/2023/texmf-dist/tex/latex/fundus-calligra/calligra.sty
Package: calligra 2012/04/10 v1.9 LaTeX package calligra
) (/usr/local/texlive/2023/texmf-dist/tex/latex/cite/cite.sty
LaTeX Info: Redefining \cite on input line 302.
LaTeX Info: Redefining \nocite on input line 332.
Package: cite 2015/02/27  v 5.5
) (/usr/local/texlive/2023/texmf-dist/tex/latex/base/fontenc.sty
Package: fontenc 2021/04/29 v2.0v Standard LaTeX package
LaTeX Font Info:    Trying to load font information for T1+lmss on input line 112.
 (/usr/local/texlive/2023/texmf-dist/tex/latex/lm/t1lmss.fd
File: t1lmss.fd 2015/05/01 v1.6.1 Font defs for Latin Modern
)) (/usr/local/texlive/2023/texmf-dist/tex/latex/csquotes/csquotes.sty
Package: csquotes 2022-09-14 v5.2n context-sensitive quotations (JAW)
\csq@reset=\count347
\csq@gtype=\count348
\csq@glevel=\count349
\csq@qlevel=\count350
\csq@maxlvl=\count351
\csq@tshold=\count352
\csq@ltx@everypar=\toks53
 (/usr/local/texlive/2023/texmf-dist/tex/latex/csquotes/csquotes.def
File: csquotes.def 2022-09-14 v5.2n csquotes generic definitions (JAW)
)
Package csquotes Info: Trying to load configuration file 'csquotes.cfg'...
Package csquotes Info: ... configuration file loaded successfully.
 (/usr/local/texlive/2023/texmf-dist/tex/latex/csquotes/csquotes.cfg
File: csquotes.cfg 
)) (/usr/local/texlive/2023/texmf-dist/tex/latex/listings/listings.sty
\lst@mode=\count353
\lst@gtempboxa=\box83
\lst@token=\toks54
\lst@length=\count354
\lst@currlwidth=\dimen315
\lst@column=\count355
\lst@pos=\count356
\lst@lostspace=\dimen316
\lst@width=\dimen317
\lst@newlines=\count357
\lst@lineno=\count358
\lst@maxwidth=\dimen318
 (/usr/local/texlive/2023/texmf-dist/tex/latex/listings/lstmisc.sty
File: lstmisc.sty 2023/02/27 1.9 (Carsten Heinz)
\c@lstnumber=\count359
\lst@skipnumbers=\count360
\lst@framebox=\box84
) (/usr/local/texlive/2023/texmf-dist/tex/latex/listings/listings.cfg
File: listings.cfg 2023/02/27 1.9 listings configuration
))
Package: listings 2023/02/27 1.9 (Carsten Heinz)
 (/usr/local/texlive/2023/texmf-dist/tex/generic/pgf/frontendlayer/tikz/libraries/tikzlibraryshapes.code.tex
File: tikzlibraryshapes.code.tex 2023-01-15 v3.1.10 (3.1.10)
 (/usr/local/texlive/2023/texmf-dist/tex/generic/pgf/frontendlayer/tikz/libraries/tikzlibraryshapes.geometric.code.tex
File: tikzlibraryshapes.geometric.code.tex 2023-01-15 v3.1.10 (3.1.10)
 (/usr/local/texlive/2023/texmf-dist/tex/generic/pgf/libraries/shapes/pgflibraryshapes.geometric.code.tex
File: pgflibraryshapes.geometric.code.tex 2023-01-15 v3.1.10 (3.1.10)
)) (/usr/local/texlive/2023/texmf-dist/tex/generic/pgf/frontendlayer/tikz/libraries/tikzlibraryshapes.misc.code.tex
File: tikzlibraryshapes.misc.code.tex 2023-01-15 v3.1.10 (3.1.10)
 (/usr/local/texlive/2023/texmf-dist/tex/generic/pgf/libraries/shapes/pgflibraryshapes.misc.code.tex
File: pgflibraryshapes.misc.code.tex 2023-01-15 v3.1.10 (3.1.10)
)) (/usr/local/texlive/2023/texmf-dist/tex/generic/pgf/frontendlayer/tikz/libraries/tikzlibraryshapes.symbols.code.tex
File: tikzlibraryshapes.symbols.code.tex 2023-01-15 v3.1.10 (3.1.10)
 (/usr/local/texlive/2023/texmf-dist/tex/generic/pgf/libraries/shapes/pgflibraryshapes.symbols.code.tex
File: pgflibraryshapes.symbols.code.tex 2023-01-15 v3.1.10 (3.1.10)
)) (/usr/local/texlive/2023/texmf-dist/tex/generic/pgf/frontendlayer/tikz/libraries/tikzlibraryshapes.arrows.code.tex
File: tikzlibraryshapes.arrows.code.tex 2023-01-15 v3.1.10 (3.1.10)
 (/usr/local/texlive/2023/texmf-dist/tex/generic/pgf/libraries/shapes/pgflibraryshapes.arrows.code.tex
File: pgflibraryshapes.arrows.code.tex 2023-01-15 v3.1.10 (3.1.10)
)) (/usr/local/texlive/2023/texmf-dist/tex/generic/pgf/frontendlayer/tikz/libraries/tikzlibraryshapes.callouts.code.tex (/usr/local/texlive/2023/texmf-dist/tex/generic/pgf/libraries/shapes/pgflibraryshapes.callouts.code.tex)) (/usr/local/texlive/2023/texmf-dist/tex/generic/pgf/frontendlayer/tikz/libraries/tikzlibraryshapes.multipart.code.tex
File: tikzlibraryshapes.multipart.code.tex 2023-01-15 v3.1.10 (3.1.10)
 (/usr/local/texlive/2023/texmf-dist/tex/generic/pgf/libraries/shapes/pgflibraryshapes.multipart.code.tex
File: pgflibraryshapes.multipart.code.tex 2023-01-15 v3.1.10 (3.1.10)
\pgfnodepartlowerbox=\box85
\pgfnodeparttwobox=\box86
\pgfnodepartthreebox=\box87
\pgfnodepartfourbox=\box88
\pgfnodeparttwentybox=\box89
\pgfnodepartnineteenbox=\box90
\pgfnodeparteighteenbox=\box91
\pgfnodepartseventeenbox=\box92
\pgfnodepartsixteenbox=\box93
\pgfnodepartfifteenbox=\box94
\pgfnodepartfourteenbox=\box95
\pgfnodepartthirteenbox=\box96
\pgfnodeparttwelvebox=\box97
\pgfnodepartelevenbox=\box98
\pgfnodeparttenbox=\box99
\pgfnodepartninebox=\box100
\pgfnodeparteightbox=\box101
\pgfnodepartsevenbox=\box102
\pgfnodepartsixbox=\box103
\pgfnodepartfivebox=\box104
))) (/usr/local/texlive/2023/texmf-dist/tex/generic/pgf/frontendlayer/tikz/libraries/tikzlibraryarrows.code.tex
File: tikzlibraryarrows.code.tex 2023-01-15 v3.1.10 (3.1.10)
 (/usr/local/texlive/2023/texmf-dist/tex/generic/pgf/libraries/pgflibraryarrows.code.tex
File: pgflibraryarrows.code.tex 2023-01-15 v3.1.10 (3.1.10)
\arrowsize=\dimen319
)) (/usr/local/texlive/2023/texmf-dist/tex/generic/pgf/frontendlayer/tikz/libraries/tikzlibrarypositioning.code.tex
File: tikzlibrarypositioning.code.tex 2023-01-15 v3.1.10 (3.1.10)
) (/usr/local/texlive/2023/texmf-dist/tex/latex/setspace/setspace.sty
Package: setspace 2022/12/04 v6.7b set line spacing
) (/usr/local/texlive/2023/texmf-dist/tex/latex/doublestroke/dsfont.sty
Package: dsfont 1995/08/01 v0.1 Double stroke roman fonts
) (/usr/local/texlive/2023/texmf-dist/tex/generic/pgf/frontendlayer/tikz/libraries/tikzlibrarymatrix.code.tex
File: tikzlibrarymatrix.code.tex 2023-01-15 v3.1.10 (3.1.10)
) (/usr/local/texlive/2023/texmf-dist/tex/generic/pgf/frontendlayer/tikz/libraries/graphs/tikzlibrarygraphs.code.tex
File: tikzlibrarygraphs.code.tex 2023-01-15 v3.1.10 (3.1.10)
\tikz@lib@auto@number=\count361
\tikz@qnode@count=\count362
) (/usr/local/texlive/2023/texmf-dist/tex/generic/pgf/frontendlayer/tikz/libraries/graphs/tikzlibrarygraphs.standard.code.tex
File: tikzlibrarygraphs.standard.code.tex 2023-01-15 v3.1.10 (3.1.10)
)
Package hyperref Info: Option `colorlinks' set `true' on input line 41.
\c@teo=\count363
\c@defi=\count364
\c@obs=\count365
\c@ejemplo=\count366
 (/usr/local/texlive/2023/texmf-dist/tex/latex/beamer/beamerthemeMadrid.sty (/usr/local/texlive/2023/texmf-dist/tex/latex/beamer/beamercolorthemewhale.sty) (/usr/local/texlive/2023/texmf-dist/tex/latex/beamer/beamercolorthemeorchid.sty) (/usr/local/texlive/2023/texmf-dist/tex/latex/beamer/beamerinnerthemerounded.sty) (/usr/local/texlive/2023/texmf-dist/tex/latex/beamer/beamerouterthemeinfolines.sty)) (/usr/local/texlive/2023/texmf-dist/tex/latex/beamer/beamercolorthemestructure.sty) (/usr/local/texlive/2023/texmf-dist/tex/latex/beamer/beamerfontthemeprofessionalfonts.sty)

Package hyperref Warning: Token not allowed in a PDF string (Unicode):
(hyperref)                removing `\new@ifnextchar' on input line 93.

Package csquotes Info: Checking for multilingual support...
Package csquotes Info: ... found 'babel' package.
Package csquotes Info: Adjusting default style.
Package csquotes Info: Redefining alias 'default' -> 'spanish'.
(/usr/local/texlive/2023/texmf-dist/tex/latex/l3backend/l3backend-pdftex.def
File: l3backend-pdftex.def 2023-04-19 L3 backend support: PDF output (pdfTeX)
\l__color_backend_stack_int=\count367
\l__pdf_internal_box=\box105
) (./definiciones_inductivas.aux
LaTeX Info: Redefining \. on input line 22.
LaTeX Info: Redefining \% on input line 22.
)
\openout1 = `definiciones_inductivas.aux'.

LaTeX Font Info:    Checking defaults for OML/cmm/m/it on input line 102.
LaTeX Font Info:    ... okay on input line 102.
LaTeX Font Info:    Checking defaults for OMS/cmsy/m/n on input line 102.
LaTeX Font Info:    ... okay on input line 102.
LaTeX Font Info:    Checking defaults for OT1/cmr/m/n on input line 102.
LaTeX Font Info:    ... okay on input line 102.
LaTeX Font Info:    Checking defaults for T1/cmr/m/n on input line 102.
LaTeX Font Info:    ... okay on input line 102.
LaTeX Font Info:    Checking defaults for TS1/cmr/m/n on input line 102.
LaTeX Font Info:    ... okay on input line 102.
LaTeX Font Info:    Checking defaults for OMX/cmex/m/n on input line 102.
LaTeX Font Info:    ... okay on input line 102.
LaTeX Font Info:    Checking defaults for U/cmr/m/n on input line 102.
LaTeX Font Info:    ... okay on input line 102.
LaTeX Font Info:    Checking defaults for PD1/pdf/m/n on input line 102.
LaTeX Font Info:    ... okay on input line 102.
LaTeX Font Info:    Checking defaults for PU/pdf/m/n on input line 102.
LaTeX Font Info:    ... okay on input line 102.

*geometry* driver: auto-detecting
*geometry* detected driver: pdftex
*geometry* verbose mode - [ preamble ] result:
* driver: pdftex
* paper: custom
* layout: <same size as paper>
* layoutoffset:(h,v)=(0.0pt,0.0pt)
* modes: includehead includefoot 
* h-part:(L,W,R)=(28.45274pt, 307.28987pt, 28.45274pt)
* v-part:(T,H,B)=(0.0pt, 273.14662pt, 0.0pt)
* \paperwidth=364.19536pt
* \paperheight=273.14662pt
* \textwidth=307.28987pt
* \textheight=244.6939pt
* \oddsidemargin=-43.81725pt
* \evensidemargin=-43.81725pt
* \topmargin=-72.26999pt
* \headheight=14.22636pt
* \headsep=0.0pt
* \topskip=9.0pt
* \footskip=14.22636pt
* \marginparwidth=4.0pt
* \marginparsep=10.0pt
* \columnsep=10.0pt
* \skip\footins=7.0pt plus 4.0pt minus 2.0pt
* \hoffset=0.0pt
* \voffset=0.0pt
* \mag=1000
* \@twocolumnfalse
* \@twosidefalse
* \@mparswitchfalse
* \@reversemarginfalse
* (1in=72.27pt=25.4mm, 1cm=28.453pt)

(/usr/local/texlive/2023/texmf-dist/tex/context/base/mkii/supp-pdf.mkii
[Loading MPS to PDF converter (version 2006.09.02).]
\scratchcounter=\count368
\scratchdimen=\dimen320
\scratchbox=\box106
\nofMPsegments=\count369
\nofMParguments=\count370
\everyMPshowfont=\toks55
\MPscratchCnt=\count371
\MPscratchDim=\dimen321
\MPnumerator=\count372
\makeMPintoPDFobject=\count373
\everyMPtoPDFconversion=\toks56
) (/usr/local/texlive/2023/texmf-dist/tex/latex/epstopdf-pkg/epstopdf-base.sty
Package: epstopdf-base 2020-01-24 v2.11 Base part for package epstopdf
Package epstopdf-base Info: Redefining graphics rule for `.eps' on input line 485.
 (/usr/local/texlive/2023/texmf-dist/tex/latex/latexconfig/epstopdf-sys.cfg
File: epstopdf-sys.cfg 2010/07/13 v1.3 Configuration of (r)epstopdf for TeX Live
))
Package hyperref Info: Link coloring ON on input line 102.
 (./definiciones_inductivas.out) (./definiciones_inductivas.out)
\@outlinefile=\write5
\openout5 = `definiciones_inductivas.out'.

 (/usr/local/texlive/2023/texmf-dist/tex/latex/translator/translator-basic-dictionary-English.dict
Dictionary: translator-basic-dictionary, Language: English 
) (/usr/local/texlive/2023/texmf-dist/tex/latex/translator/translator-bibliography-dictionary-English.dict
Dictionary: translator-bibliography-dictionary, Language: English 
) (/usr/local/texlive/2023/texmf-dist/tex/latex/translator/translator-environment-dictionary-English.dict
Dictionary: translator-environment-dictionary, Language: English 
) (/usr/local/texlive/2023/texmf-dist/tex/latex/translator/translator-months-dictionary-English.dict
Dictionary: translator-months-dictionary, Language: English 
) (/usr/local/texlive/2023/texmf-dist/tex/latex/translator/translator-numbers-dictionary-English.dict
Dictionary: translator-numbers-dictionary, Language: English 
) (/usr/local/texlive/2023/texmf-dist/tex/latex/translator/translator-theorem-dictionary-English.dict
Dictionary: translator-theorem-dictionary, Language: English 
)
LaTeX Info: Redefining \. on input line 102.
LaTeX Info: Redefining \% on input line 102.
\c@lstlisting=\count374
 (./definiciones_inductivas.nav)
Overfull \hbox (36.12941pt too wide) in paragraph at lines 102--102
[][]  
 []


Overfull \hbox (36.12941pt too wide) in paragraph at lines 136--136
[][]  
 []

<UDEA.png, id=43, 614.295pt x 794.97pt>
File: UDEA.png Graphic file (type png)
<use UDEA.png>
Package pdftex.def Info: UDEA.png  used on input line 136.
(pdftex.def)             Requested size: 245.71364pt x 317.98236pt.
LaTeX Font Info:    Trying to load font information for OT1+lmr on input line 136.
(/usr/local/texlive/2023/texmf-dist/tex/latex/lm/ot1lmr.fd
File: ot1lmr.fd 2015/05/01 v1.6.1 Font defs for Latin Modern
)
LaTeX Font Info:    Trying to load font information for OML+lmm on input line 136.
 (/usr/local/texlive/2023/texmf-dist/tex/latex/lm/omllmm.fd
File: omllmm.fd 2015/05/01 v1.6.1 Font defs for Latin Modern
)
LaTeX Font Info:    Trying to load font information for OMS+lmsy on input line 136.
 (/usr/local/texlive/2023/texmf-dist/tex/latex/lm/omslmsy.fd
File: omslmsy.fd 2015/05/01 v1.6.1 Font defs for Latin Modern
)
LaTeX Font Info:    Trying to load font information for OMX+lmex on input line 136.
 (/usr/local/texlive/2023/texmf-dist/tex/latex/lm/omxlmex.fd
File: omxlmex.fd 2015/05/01 v1.6.1 Font defs for Latin Modern
)
LaTeX Font Info:    External font `lmex10' loaded for size
(Font)              <8> on input line 136.
LaTeX Font Info:    External font `lmex10' loaded for size
(Font)              <6> on input line 136.
LaTeX Font Info:    External font `lmex10' loaded for size
(Font)              <5> on input line 136.
LaTeX Font Info:    Trying to load font information for U+msa on input line 136.
 (/usr/local/texlive/2023/texmf-dist/tex/latex/amsfonts/umsa.fd
File: umsa.fd 2013/01/14 v3.01 AMS symbols A
)
LaTeX Font Info:    Trying to load font information for U+msb on input line 136.
 (/usr/local/texlive/2023/texmf-dist/tex/latex/amsfonts/umsb.fd
File: umsb.fd 2013/01/14 v3.01 AMS symbols B
)
LaTeX Font Info:    Trying to load font information for U+lasy on input line 136.
 (/usr/local/texlive/2023/texmf-dist/tex/latex/base/ulasy.fd
File: ulasy.fd 1998/08/17 v2.2e LaTeX symbol font definitions
)
LaTeX Font Info:    Trying to load font information for U+stmry on input line 136.
 (/usr/local/texlive/2023/texmf-dist/tex/latex/stmaryrd/Ustmry.fd) [1

{/usr/local/texlive/2023/texmf-var/fonts/map/pdftex/updmap/pdftex.map}{/usr/local/texlive/2023/texmf-dist/fonts/enc/dvips/lm/lm-ec.enc} <./UDEA.png>]
Overfull \hbox (36.12941pt too wide) in paragraph at lines 145--145
[][]  
 []

(./definiciones_inductivas.toc
LaTeX Info: Redefining \. on input line 1.
LaTeX Info: Redefining \% on input line 1.
)
File: UDEA.png Graphic file (type png)
<use UDEA.png>
Package pdftex.def Info: UDEA.png  used on input line 145.
(pdftex.def)             Requested size: 184.28992pt x 238.49284pt.
File: UDEA.png Graphic file (type png)
<use UDEA.png>
Package pdftex.def Info: UDEA.png  used on input line 145.
(pdftex.def)             Requested size: 245.71364pt x 317.98236pt.
 [2

]
Overfull \hbox (36.12941pt too wide) in paragraph at lines 153--153
[][]  
 []

LaTeX Font Info:    Font shape `T1/lmss/m/it' in size <8> not available
(Font)              Font shape `T1/lmss/m/sl' tried instead on input line 153.
File: UDEA.png Graphic file (type png)
<use UDEA.png>
Package pdftex.def Info: UDEA.png  used on input line 153.
(pdftex.def)             Requested size: 184.28992pt x 238.49284pt.
File: UDEA.png Graphic file (type png)
<use UDEA.png>
Package pdftex.def Info: UDEA.png  used on input line 153.
(pdftex.def)             Requested size: 245.71364pt x 317.98236pt.
[3

]
File: UDEA.png Graphic file (type png)
<use UDEA.png>
Package pdftex.def Info: UDEA.png  used on input line 153.
(pdftex.def)             Requested size: 184.28992pt x 238.49284pt.
File: UDEA.png Graphic file (type png)
<use UDEA.png>
Package pdftex.def Info: UDEA.png  used on input line 153.
(pdftex.def)             Requested size: 245.71364pt x 317.98236pt.
 [4

]
File: UDEA.png Graphic file (type png)
<use UDEA.png>
Package pdftex.def Info: UDEA.png  used on input line 153.
(pdftex.def)             Requested size: 184.28992pt x 238.49284pt.
File: UDEA.png Graphic file (type png)
<use UDEA.png>
Package pdftex.def Info: UDEA.png  used on input line 153.
(pdftex.def)             Requested size: 245.71364pt x 317.98236pt.
 [5

]
Overfull \hbox (36.12941pt too wide) in paragraph at lines 170--170
[][]  
 []

LaTeX Font Info:    External font `lmex10' loaded for size
(Font)              <10> on input line 170.
LaTeX Font Info:    External font `lmex10' loaded for size
(Font)              <7> on input line 170.
File: UDEA.png Graphic file (type png)
<use UDEA.png>
Package pdftex.def Info: UDEA.png  used on input line 170.
(pdftex.def)             Requested size: 184.28992pt x 238.49284pt.
File: UDEA.png Graphic file (type png)
<use UDEA.png>
Package pdftex.def Info: UDEA.png  used on input line 170.
(pdftex.def)             Requested size: 245.71364pt x 317.98236pt.
[6

{/usr/local/texlive/2023/texmf-dist/fonts/enc/dvips/lm/lm-rm.enc}{/usr/local/texlive/2023/texmf-dist/fonts/enc/dvips/lm/lm-mathsy.enc}{/usr/local/texlive/2023/texmf-dist/fonts/enc/dvips/lm/lm-mathit.enc}]
File: UDEA.png Graphic file (type png)
<use UDEA.png>
Package pdftex.def Info: UDEA.png  used on input line 170.
(pdftex.def)             Requested size: 184.28992pt x 238.49284pt.
File: UDEA.png Graphic file (type png)
<use UDEA.png>
Package pdftex.def Info: UDEA.png  used on input line 170.
(pdftex.def)             Requested size: 245.71364pt x 317.98236pt.
 [7

]
File: UDEA.png Graphic file (type png)
<use UDEA.png>
Package pdftex.def Info: UDEA.png  used on input line 170.
(pdftex.def)             Requested size: 184.28992pt x 238.49284pt.
File: UDEA.png Graphic file (type png)
<use UDEA.png>
Package pdftex.def Info: UDEA.png  used on input line 170.
(pdftex.def)             Requested size: 245.71364pt x 317.98236pt.
 [8

]
File: UDEA.png Graphic file (type png)
<use UDEA.png>
Package pdftex.def Info: UDEA.png  used on input line 170.
(pdftex.def)             Requested size: 184.28992pt x 238.49284pt.
File: UDEA.png Graphic file (type png)
<use UDEA.png>
Package pdftex.def Info: UDEA.png  used on input line 170.
(pdftex.def)             Requested size: 245.71364pt x 317.98236pt.
 [9

]
File: UDEA.png Graphic file (type png)
<use UDEA.png>
Package pdftex.def Info: UDEA.png  used on input line 170.
(pdftex.def)             Requested size: 184.28992pt x 238.49284pt.
File: UDEA.png Graphic file (type png)
<use UDEA.png>
Package pdftex.def Info: UDEA.png  used on input line 170.
(pdftex.def)             Requested size: 245.71364pt x 317.98236pt.
 [10

]
Overfull \hbox (36.12941pt too wide) in paragraph at lines 172--172
[][]  
 []

(./definiciones_inductivas.toc
LaTeX Info: Redefining \. on input line 1.
LaTeX Info: Redefining \% on input line 1.
)
File: UDEA.png Graphic file (type png)
<use UDEA.png>
Package pdftex.def Info: UDEA.png  used on input line 172.
(pdftex.def)             Requested size: 184.28992pt x 238.49284pt.
File: UDEA.png Graphic file (type png)
<use UDEA.png>
Package pdftex.def Info: UDEA.png  used on input line 172.
(pdftex.def)             Requested size: 245.71364pt x 317.98236pt.
 [11

]
Overfull \hbox (36.12941pt too wide) in paragraph at lines 182--182
[][]  
 []

File: UDEA.png Graphic file (type png)
<use UDEA.png>
Package pdftex.def Info: UDEA.png  used on input line 182.
(pdftex.def)             Requested size: 184.28992pt x 238.49284pt.
File: UDEA.png Graphic file (type png)
<use UDEA.png>
Package pdftex.def Info: UDEA.png  used on input line 182.
(pdftex.def)             Requested size: 245.71364pt x 317.98236pt.
[12

{/usr/local/texlive/2023/texmf-dist/fonts/enc/dvips/lm/lm-mathex.enc}]
File: UDEA.png Graphic file (type png)
<use UDEA.png>
Package pdftex.def Info: UDEA.png  used on input line 182.
(pdftex.def)             Requested size: 184.28992pt x 238.49284pt.
File: UDEA.png Graphic file (type png)
<use UDEA.png>
Package pdftex.def Info: UDEA.png  used on input line 182.
(pdftex.def)             Requested size: 245.71364pt x 317.98236pt.
 [13

]
File: UDEA.png Graphic file (type png)
<use UDEA.png>
Package pdftex.def Info: UDEA.png  used on input line 182.
(pdftex.def)             Requested size: 184.28992pt x 238.49284pt.
File: UDEA.png Graphic file (type png)
<use UDEA.png>
Package pdftex.def Info: UDEA.png  used on input line 182.
(pdftex.def)             Requested size: 245.71364pt x 317.98236pt.
 [14

]
Overfull \hbox (36.12941pt too wide) in paragraph at lines 192--192
[][]  
 []

File: UDEA.png Graphic file (type png)
<use UDEA.png>
Package pdftex.def Info: UDEA.png  used on input line 192.
(pdftex.def)             Requested size: 184.28992pt x 238.49284pt.
File: UDEA.png Graphic file (type png)
<use UDEA.png>
Package pdftex.def Info: UDEA.png  used on input line 192.
(pdftex.def)             Requested size: 245.71364pt x 317.98236pt.
[15

]
File: UDEA.png Graphic file (type png)
<use UDEA.png>
Package pdftex.def Info: UDEA.png  used on input line 192.
(pdftex.def)             Requested size: 184.28992pt x 238.49284pt.
File: UDEA.png Graphic file (type png)
<use UDEA.png>
Package pdftex.def Info: UDEA.png  used on input line 192.
(pdftex.def)             Requested size: 245.71364pt x 317.98236pt.
 [16

]
File: UDEA.png Graphic file (type png)
<use UDEA.png>
Package pdftex.def Info: UDEA.png  used on input line 192.
(pdftex.def)             Requested size: 184.28992pt x 238.49284pt.
File: UDEA.png Graphic file (type png)
<use UDEA.png>
Package pdftex.def Info: UDEA.png  used on input line 192.
(pdftex.def)             Requested size: 245.71364pt x 317.98236pt.
 [17

]
Overfull \hbox (36.12941pt too wide) in paragraph at lines 206--206
[][]  
 []

File: UDEA.png Graphic file (type png)
<use UDEA.png>
Package pdftex.def Info: UDEA.png  used on input line 206.
(pdftex.def)             Requested size: 184.28992pt x 238.49284pt.
File: UDEA.png Graphic file (type png)
<use UDEA.png>
Package pdftex.def Info: UDEA.png  used on input line 206.
(pdftex.def)             Requested size: 245.71364pt x 317.98236pt.
[18

]
File: UDEA.png Graphic file (type png)
<use UDEA.png>
Package pdftex.def Info: UDEA.png  used on input line 206.
(pdftex.def)             Requested size: 184.28992pt x 238.49284pt.
File: UDEA.png Graphic file (type png)
<use UDEA.png>
Package pdftex.def Info: UDEA.png  used on input line 206.
(pdftex.def)             Requested size: 245.71364pt x 317.98236pt.
 [19

]
Overfull \hbox (36.12941pt too wide) in paragraph at lines 224--224
[][]  
 []

File: UDEA.png Graphic file (type png)
<use UDEA.png>
Package pdftex.def Info: UDEA.png  used on input line 224.
(pdftex.def)             Requested size: 184.28992pt x 238.49284pt.
File: UDEA.png Graphic file (type png)
<use UDEA.png>
Package pdftex.def Info: UDEA.png  used on input line 224.
(pdftex.def)             Requested size: 245.71364pt x 317.98236pt.
[20

]
File: UDEA.png Graphic file (type png)
<use UDEA.png>
Package pdftex.def Info: UDEA.png  used on input line 224.
(pdftex.def)             Requested size: 184.28992pt x 238.49284pt.
File: UDEA.png Graphic file (type png)
<use UDEA.png>
Package pdftex.def Info: UDEA.png  used on input line 224.
(pdftex.def)             Requested size: 245.71364pt x 317.98236pt.
 [21

]
File: UDEA.png Graphic file (type png)
<use UDEA.png>
Package pdftex.def Info: UDEA.png  used on input line 224.
(pdftex.def)             Requested size: 184.28992pt x 238.49284pt.
File: UDEA.png Graphic file (type png)
<use UDEA.png>
Package pdftex.def Info: UDEA.png  used on input line 224.
(pdftex.def)             Requested size: 245.71364pt x 317.98236pt.
 [22

]
Overfull \hbox (36.12941pt too wide) in paragraph at lines 226--226
[][]  
 []

(./definiciones_inductivas.toc
LaTeX Info: Redefining \. on input line 1.
LaTeX Info: Redefining \% on input line 1.
)
File: UDEA.png Graphic file (type png)
<use UDEA.png>
Package pdftex.def Info: UDEA.png  used on input line 226.
(pdftex.def)             Requested size: 184.28992pt x 238.49284pt.
File: UDEA.png Graphic file (type png)
<use UDEA.png>
Package pdftex.def Info: UDEA.png  used on input line 226.
(pdftex.def)             Requested size: 245.71364pt x 317.98236pt.
 [23

]
Overfull \hbox (36.12941pt too wide) in paragraph at lines 243--243
[][]  
 []

File: UDEA.png Graphic file (type png)
<use UDEA.png>
Package pdftex.def Info: UDEA.png  used on input line 243.
(pdftex.def)             Requested size: 184.28992pt x 238.49284pt.
File: UDEA.png Graphic file (type png)
<use UDEA.png>
Package pdftex.def Info: UDEA.png  used on input line 243.
(pdftex.def)             Requested size: 245.71364pt x 317.98236pt.
[24

]
File: UDEA.png Graphic file (type png)
<use UDEA.png>
Package pdftex.def Info: UDEA.png  used on input line 243.
(pdftex.def)             Requested size: 184.28992pt x 238.49284pt.
File: UDEA.png Graphic file (type png)
<use UDEA.png>
Package pdftex.def Info: UDEA.png  used on input line 243.
(pdftex.def)             Requested size: 245.71364pt x 317.98236pt.
 [25

]
File: UDEA.png Graphic file (type png)
<use UDEA.png>
Package pdftex.def Info: UDEA.png  used on input line 243.
(pdftex.def)             Requested size: 184.28992pt x 238.49284pt.
File: UDEA.png Graphic file (type png)
<use UDEA.png>
Package pdftex.def Info: UDEA.png  used on input line 243.
(pdftex.def)             Requested size: 245.71364pt x 317.98236pt.
 [26

]
File: UDEA.png Graphic file (type png)
<use UDEA.png>
Package pdftex.def Info: UDEA.png  used on input line 243.
(pdftex.def)             Requested size: 184.28992pt x 238.49284pt.
File: UDEA.png Graphic file (type png)
<use UDEA.png>
Package pdftex.def Info: UDEA.png  used on input line 243.
(pdftex.def)             Requested size: 245.71364pt x 317.98236pt.
 [27

]
File: UDEA.png Graphic file (type png)
<use UDEA.png>
Package pdftex.def Info: UDEA.png  used on input line 243.
(pdftex.def)             Requested size: 184.28992pt x 238.49284pt.
File: UDEA.png Graphic file (type png)
<use UDEA.png>
Package pdftex.def Info: UDEA.png  used on input line 243.
(pdftex.def)             Requested size: 245.71364pt x 317.98236pt.
 [28

]
File: UDEA.png Graphic file (type png)
<use UDEA.png>
Package pdftex.def Info: UDEA.png  used on input line 243.
(pdftex.def)             Requested size: 184.28992pt x 238.49284pt.
File: UDEA.png Graphic file (type png)
<use UDEA.png>
Package pdftex.def Info: UDEA.png  used on input line 243.
(pdftex.def)             Requested size: 245.71364pt x 317.98236pt.
 [29

]
File: UDEA.png Graphic file (type png)
<use UDEA.png>
Package pdftex.def Info: UDEA.png  used on input line 243.
(pdftex.def)             Requested size: 184.28992pt x 238.49284pt.
File: UDEA.png Graphic file (type png)
<use UDEA.png>
Package pdftex.def Info: UDEA.png  used on input line 243.
(pdftex.def)             Requested size: 245.71364pt x 317.98236pt.
 [30

]
Overfull \hbox (36.12941pt too wide) in paragraph at lines 256--256
[][]  
 []

File: UDEA.png Graphic file (type png)
<use UDEA.png>
Package pdftex.def Info: UDEA.png  used on input line 256.
(pdftex.def)             Requested size: 184.28992pt x 238.49284pt.
File: UDEA.png Graphic file (type png)
<use UDEA.png>
Package pdftex.def Info: UDEA.png  used on input line 256.
(pdftex.def)             Requested size: 245.71364pt x 317.98236pt.
[31

]
File: UDEA.png Graphic file (type png)
<use UDEA.png>
Package pdftex.def Info: UDEA.png  used on input line 256.
(pdftex.def)             Requested size: 184.28992pt x 238.49284pt.
File: UDEA.png Graphic file (type png)
<use UDEA.png>
Package pdftex.def Info: UDEA.png  used on input line 256.
(pdftex.def)             Requested size: 245.71364pt x 317.98236pt.
 [32

]
File: UDEA.png Graphic file (type png)
<use UDEA.png>
Package pdftex.def Info: UDEA.png  used on input line 256.
(pdftex.def)             Requested size: 184.28992pt x 238.49284pt.
File: UDEA.png Graphic file (type png)
<use UDEA.png>
Package pdftex.def Info: UDEA.png  used on input line 256.
(pdftex.def)             Requested size: 245.71364pt x 317.98236pt.
 [33

]
Overfull \hbox (36.12941pt too wide) in paragraph at lines 268--268
[][]  
 []

File: UDEA.png Graphic file (type png)
<use UDEA.png>
Package pdftex.def Info: UDEA.png  used on input line 268.
(pdftex.def)             Requested size: 184.28992pt x 238.49284pt.
File: UDEA.png Graphic file (type png)
<use UDEA.png>
Package pdftex.def Info: UDEA.png  used on input line 268.
(pdftex.def)             Requested size: 245.71364pt x 317.98236pt.
[34

]
File: UDEA.png Graphic file (type png)
<use UDEA.png>
Package pdftex.def Info: UDEA.png  used on input line 268.
(pdftex.def)             Requested size: 184.28992pt x 238.49284pt.
File: UDEA.png Graphic file (type png)
<use UDEA.png>
Package pdftex.def Info: UDEA.png  used on input line 268.
(pdftex.def)             Requested size: 245.71364pt x 317.98236pt.
 [35

]
Overfull \hbox (36.12941pt too wide) in paragraph at lines 282--282
[][]  
 []

File: UDEA.png Graphic file (type png)
<use UDEA.png>
Package pdftex.def Info: UDEA.png  used on input line 282.
(pdftex.def)             Requested size: 184.28992pt x 238.49284pt.
File: UDEA.png Graphic file (type png)
<use UDEA.png>
Package pdftex.def Info: UDEA.png  used on input line 282.
(pdftex.def)             Requested size: 245.71364pt x 317.98236pt.
[36

]
File: UDEA.png Graphic file (type png)
<use UDEA.png>
Package pdftex.def Info: UDEA.png  used on input line 282.
(pdftex.def)             Requested size: 184.28992pt x 238.49284pt.
File: UDEA.png Graphic file (type png)
<use UDEA.png>
Package pdftex.def Info: UDEA.png  used on input line 282.
(pdftex.def)             Requested size: 245.71364pt x 317.98236pt.
 [37

]
File: UDEA.png Graphic file (type png)
<use UDEA.png>
Package pdftex.def Info: UDEA.png  used on input line 282.
(pdftex.def)             Requested size: 184.28992pt x 238.49284pt.
File: UDEA.png Graphic file (type png)
<use UDEA.png>
Package pdftex.def Info: UDEA.png  used on input line 282.
(pdftex.def)             Requested size: 245.71364pt x 317.98236pt.
 [38

]
Overfull \hbox (36.12941pt too wide) in paragraph at lines 284--284
[][]  
 []

(./definiciones_inductivas.toc
LaTeX Info: Redefining \. on input line 1.
LaTeX Info: Redefining \% on input line 1.
)
File: UDEA.png Graphic file (type png)
<use UDEA.png>
Package pdftex.def Info: UDEA.png  used on input line 284.
(pdftex.def)             Requested size: 184.28992pt x 238.49284pt.
File: UDEA.png Graphic file (type png)
<use UDEA.png>
Package pdftex.def Info: UDEA.png  used on input line 284.
(pdftex.def)             Requested size: 245.71364pt x 317.98236pt.
 [39

]
Overfull \hbox (36.12941pt too wide) in paragraph at lines 295--295
[][]  
 []

File: UDEA.png Graphic file (type png)
<use UDEA.png>
Package pdftex.def Info: UDEA.png  used on input line 295.
(pdftex.def)             Requested size: 184.28992pt x 238.49284pt.
File: UDEA.png Graphic file (type png)
<use UDEA.png>
Package pdftex.def Info: UDEA.png  used on input line 295.
(pdftex.def)             Requested size: 245.71364pt x 317.98236pt.
[40

]
File: UDEA.png Graphic file (type png)
<use UDEA.png>
Package pdftex.def Info: UDEA.png  used on input line 295.
(pdftex.def)             Requested size: 184.28992pt x 238.49284pt.
File: UDEA.png Graphic file (type png)
<use UDEA.png>
Package pdftex.def Info: UDEA.png  used on input line 295.
(pdftex.def)             Requested size: 245.71364pt x 317.98236pt.
 [41

]
File: UDEA.png Graphic file (type png)
<use UDEA.png>
Package pdftex.def Info: UDEA.png  used on input line 295.
(pdftex.def)             Requested size: 184.28992pt x 238.49284pt.
File: UDEA.png Graphic file (type png)
<use UDEA.png>
Package pdftex.def Info: UDEA.png  used on input line 295.
(pdftex.def)             Requested size: 245.71364pt x 317.98236pt.
 [42

]
File: UDEA.png Graphic file (type png)
<use UDEA.png>
Package pdftex.def Info: UDEA.png  used on input line 295.
(pdftex.def)             Requested size: 184.28992pt x 238.49284pt.
File: UDEA.png Graphic file (type png)
<use UDEA.png>
Package pdftex.def Info: UDEA.png  used on input line 295.
(pdftex.def)             Requested size: 245.71364pt x 317.98236pt.
 [43

]
Overfull \hbox (36.12941pt too wide) in paragraph at lines 314--314
[][]  
 []

File: UDEA.png Graphic file (type png)
<use UDEA.png>
Package pdftex.def Info: UDEA.png  used on input line 314.
(pdftex.def)             Requested size: 184.28992pt x 238.49284pt.

Overfull \vbox (36.60876pt too high) detected at line 314
 []

File: UDEA.png Graphic file (type png)
<use UDEA.png>
Package pdftex.def Info: UDEA.png  used on input line 314.
(pdftex.def)             Requested size: 245.71364pt x 317.98236pt.
[44

]
File: UDEA.png Graphic file (type png)
<use UDEA.png>
Package pdftex.def Info: UDEA.png  used on input line 314.
(pdftex.def)             Requested size: 184.28992pt x 238.49284pt.

Overfull \vbox (36.60876pt too high) detected at line 314
 []

File: UDEA.png Graphic file (type png)
<use UDEA.png>
Package pdftex.def Info: UDEA.png  used on input line 314.
(pdftex.def)             Requested size: 245.71364pt x 317.98236pt.
[45

]
Overfull \hbox (36.12941pt too wide) in paragraph at lines 331--331
[][]  
 []

File: UDEA.png Graphic file (type png)
<use UDEA.png>
Package pdftex.def Info: UDEA.png  used on input line 331.
(pdftex.def)             Requested size: 184.28992pt x 238.49284pt.
File: UDEA.png Graphic file (type png)
<use UDEA.png>
Package pdftex.def Info: UDEA.png  used on input line 331.
(pdftex.def)             Requested size: 245.71364pt x 317.98236pt.
[46

]
File: UDEA.png Graphic file (type png)
<use UDEA.png>
Package pdftex.def Info: UDEA.png  used on input line 331.
(pdftex.def)             Requested size: 184.28992pt x 238.49284pt.
File: UDEA.png Graphic file (type png)
<use UDEA.png>
Package pdftex.def Info: UDEA.png  used on input line 331.
(pdftex.def)             Requested size: 245.71364pt x 317.98236pt.
 [47

]
Overfull \hbox (36.12941pt too wide) in paragraph at lines 352--352
[][]  
 []

File: UDEA.png Graphic file (type png)
<use UDEA.png>
Package pdftex.def Info: UDEA.png  used on input line 352.
(pdftex.def)             Requested size: 184.28992pt x 238.49284pt.
File: UDEA.png Graphic file (type png)
<use UDEA.png>
Package pdftex.def Info: UDEA.png  used on input line 352.
(pdftex.def)             Requested size: 245.71364pt x 317.98236pt.
[48

]
File: UDEA.png Graphic file (type png)
<use UDEA.png>
Package pdftex.def Info: UDEA.png  used on input line 352.
(pdftex.def)             Requested size: 184.28992pt x 238.49284pt.
File: UDEA.png Graphic file (type png)
<use UDEA.png>
Package pdftex.def Info: UDEA.png  used on input line 352.
(pdftex.def)             Requested size: 245.71364pt x 317.98236pt.
 [49

]
Overfull \hbox (36.12941pt too wide) in paragraph at lines 364--364
[][]  
 []

File: UDEA.png Graphic file (type png)
<use UDEA.png>
Package pdftex.def Info: UDEA.png  used on input line 364.
(pdftex.def)             Requested size: 184.28992pt x 238.49284pt.
File: UDEA.png Graphic file (type png)
<use UDEA.png>
Package pdftex.def Info: UDEA.png  used on input line 364.
(pdftex.def)             Requested size: 245.71364pt x 317.98236pt.
[50

]
File: UDEA.png Graphic file (type png)
<use UDEA.png>
Package pdftex.def Info: UDEA.png  used on input line 364.
(pdftex.def)             Requested size: 184.28992pt x 238.49284pt.
File: UDEA.png Graphic file (type png)
<use UDEA.png>
Package pdftex.def Info: UDEA.png  used on input line 364.
(pdftex.def)             Requested size: 245.71364pt x 317.98236pt.
 [51

]
File: UDEA.png Graphic file (type png)
<use UDEA.png>
Package pdftex.def Info: UDEA.png  used on input line 364.
(pdftex.def)             Requested size: 184.28992pt x 238.49284pt.
File: UDEA.png Graphic file (type png)
<use UDEA.png>
Package pdftex.def Info: UDEA.png  used on input line 364.
(pdftex.def)             Requested size: 245.71364pt x 317.98236pt.
 [52

]
File: UDEA.png Graphic file (type png)
<use UDEA.png>
Package pdftex.def Info: UDEA.png  used on input line 364.
(pdftex.def)             Requested size: 184.28992pt x 238.49284pt.
File: UDEA.png Graphic file (type png)
<use UDEA.png>
Package pdftex.def Info: UDEA.png  used on input line 364.
(pdftex.def)             Requested size: 245.71364pt x 317.98236pt.
 [53

]
File: UDEA.png Graphic file (type png)
<use UDEA.png>
Package pdftex.def Info: UDEA.png  used on input line 364.
(pdftex.def)             Requested size: 184.28992pt x 238.49284pt.
File: UDEA.png Graphic file (type png)
<use UDEA.png>
Package pdftex.def Info: UDEA.png  used on input line 364.
(pdftex.def)             Requested size: 245.71364pt x 317.98236pt.
 [54

]
Overfull \hbox (36.12941pt too wide) in paragraph at lines 379--379
[][]  
 []


LaTeX Warning: Command \textasciiacute invalid in math mode on input line 379.

LaTeX Font Info:    Trying to load font information for TS1+lmss on input line 379.
(/usr/local/texlive/2023/texmf-dist/tex/latex/lm/ts1lmss.fd
File: ts1lmss.fd 2015/05/01 v1.6.1 Font defs for Latin Modern
)

LaTeX Warning: Command \textasciiacute invalid in math mode on input line 379.

File: UDEA.png Graphic file (type png)
<use UDEA.png>
Package pdftex.def Info: UDEA.png  used on input line 379.
(pdftex.def)             Requested size: 184.28992pt x 238.49284pt.
File: UDEA.png Graphic file (type png)
<use UDEA.png>
Package pdftex.def Info: UDEA.png  used on input line 379.
(pdftex.def)             Requested size: 245.71364pt x 317.98236pt.
[55

]

LaTeX Warning: Command \textasciiacute invalid in math mode on input line 379.


LaTeX Warning: Command \textasciiacute invalid in math mode on input line 379.

File: UDEA.png Graphic file (type png)
<use UDEA.png>
Package pdftex.def Info: UDEA.png  used on input line 379.
(pdftex.def)             Requested size: 184.28992pt x 238.49284pt.
File: UDEA.png Graphic file (type png)
<use UDEA.png>
Package pdftex.def Info: UDEA.png  used on input line 379.
(pdftex.def)             Requested size: 245.71364pt x 317.98236pt.
[56

]

LaTeX Warning: Command \textasciiacute invalid in math mode on input line 379.


LaTeX Warning: Command \textasciiacute invalid in math mode on input line 379.

File: UDEA.png Graphic file (type png)
<use UDEA.png>
Package pdftex.def Info: UDEA.png  used on input line 379.
(pdftex.def)             Requested size: 184.28992pt x 238.49284pt.
File: UDEA.png Graphic file (type png)
<use UDEA.png>
Package pdftex.def Info: UDEA.png  used on input line 379.
(pdftex.def)             Requested size: 245.71364pt x 317.98236pt.
[57

]

LaTeX Warning: Command \textasciiacute invalid in math mode on input line 379.


LaTeX Warning: Command \textasciiacute invalid in math mode on input line 379.

File: UDEA.png Graphic file (type png)
<use UDEA.png>
Package pdftex.def Info: UDEA.png  used on input line 379.
(pdftex.def)             Requested size: 184.28992pt x 238.49284pt.
File: UDEA.png Graphic file (type png)
<use UDEA.png>
Package pdftex.def Info: UDEA.png  used on input line 379.
(pdftex.def)             Requested size: 245.71364pt x 317.98236pt.
[58

]

LaTeX Warning: Command \textasciiacute invalid in math mode on input line 379.


LaTeX Warning: Command \textasciiacute invalid in math mode on input line 379.

File: UDEA.png Graphic file (type png)
<use UDEA.png>
Package pdftex.def Info: UDEA.png  used on input line 379.
(pdftex.def)             Requested size: 184.28992pt x 238.49284pt.
File: UDEA.png Graphic file (type png)
<use UDEA.png>
Package pdftex.def Info: UDEA.png  used on input line 379.
(pdftex.def)             Requested size: 245.71364pt x 317.98236pt.
[59

]
Overfull \hbox (36.12941pt too wide) in paragraph at lines 389--389
[][]  
 []

File: UDEA.png Graphic file (type png)
<use UDEA.png>
Package pdftex.def Info: UDEA.png  used on input line 389.
(pdftex.def)             Requested size: 184.28992pt x 238.49284pt.
File: UDEA.png Graphic file (type png)
<use UDEA.png>
Package pdftex.def Info: UDEA.png  used on input line 389.
(pdftex.def)             Requested size: 245.71364pt x 317.98236pt.
[60

]
File: UDEA.png Graphic file (type png)
<use UDEA.png>
Package pdftex.def Info: UDEA.png  used on input line 389.
(pdftex.def)             Requested size: 184.28992pt x 238.49284pt.
File: UDEA.png Graphic file (type png)
<use UDEA.png>
Package pdftex.def Info: UDEA.png  used on input line 389.
(pdftex.def)             Requested size: 245.71364pt x 317.98236pt.
 [61

]
File: UDEA.png Graphic file (type png)
<use UDEA.png>
Package pdftex.def Info: UDEA.png  used on input line 389.
(pdftex.def)             Requested size: 184.28992pt x 238.49284pt.
File: UDEA.png Graphic file (type png)
<use UDEA.png>
Package pdftex.def Info: UDEA.png  used on input line 389.
(pdftex.def)             Requested size: 245.71364pt x 317.98236pt.
 [62

]
File: UDEA.png Graphic file (type png)
<use UDEA.png>
Package pdftex.def Info: UDEA.png  used on input line 389.
(pdftex.def)             Requested size: 184.28992pt x 238.49284pt.
File: UDEA.png Graphic file (type png)
<use UDEA.png>
Package pdftex.def Info: UDEA.png  used on input line 389.
(pdftex.def)             Requested size: 245.71364pt x 317.98236pt.
 [63

]
Overfull \hbox (36.12941pt too wide) in paragraph at lines 405--405
[][]  
 []

File: UDEA.png Graphic file (type png)
<use UDEA.png>
Package pdftex.def Info: UDEA.png  used on input line 405.
(pdftex.def)             Requested size: 184.28992pt x 238.49284pt.
File: UDEA.png Graphic file (type png)
<use UDEA.png>
Package pdftex.def Info: UDEA.png  used on input line 405.
(pdftex.def)             Requested size: 245.71364pt x 317.98236pt.
[64

]
File: UDEA.png Graphic file (type png)
<use UDEA.png>
Package pdftex.def Info: UDEA.png  used on input line 405.
(pdftex.def)             Requested size: 184.28992pt x 238.49284pt.
File: UDEA.png Graphic file (type png)
<use UDEA.png>
Package pdftex.def Info: UDEA.png  used on input line 405.
(pdftex.def)             Requested size: 245.71364pt x 317.98236pt.
 [65

]
File: UDEA.png Graphic file (type png)
<use UDEA.png>
Package pdftex.def Info: UDEA.png  used on input line 405.
(pdftex.def)             Requested size: 184.28992pt x 238.49284pt.
File: UDEA.png Graphic file (type png)
<use UDEA.png>
Package pdftex.def Info: UDEA.png  used on input line 405.
(pdftex.def)             Requested size: 245.71364pt x 317.98236pt.
 [66

]
File: UDEA.png Graphic file (type png)
<use UDEA.png>
Package pdftex.def Info: UDEA.png  used on input line 405.
(pdftex.def)             Requested size: 184.28992pt x 238.49284pt.
File: UDEA.png Graphic file (type png)
<use UDEA.png>
Package pdftex.def Info: UDEA.png  used on input line 405.
(pdftex.def)             Requested size: 245.71364pt x 317.98236pt.
 [67

]
Overfull \hbox (36.12941pt too wide) in paragraph at lines 421--421
[][]  
 []

File: UDEA.png Graphic file (type png)
<use UDEA.png>
Package pdftex.def Info: UDEA.png  used on input line 421.
(pdftex.def)             Requested size: 184.28992pt x 238.49284pt.
File: UDEA.png Graphic file (type png)
<use UDEA.png>
Package pdftex.def Info: UDEA.png  used on input line 421.
(pdftex.def)             Requested size: 245.71364pt x 317.98236pt.
[68

]
File: UDEA.png Graphic file (type png)
<use UDEA.png>
Package pdftex.def Info: UDEA.png  used on input line 421.
(pdftex.def)             Requested size: 184.28992pt x 238.49284pt.
File: UDEA.png Graphic file (type png)
<use UDEA.png>
Package pdftex.def Info: UDEA.png  used on input line 421.
(pdftex.def)             Requested size: 245.71364pt x 317.98236pt.
 [69

]
File: UDEA.png Graphic file (type png)
<use UDEA.png>
Package pdftex.def Info: UDEA.png  used on input line 421.
(pdftex.def)             Requested size: 184.28992pt x 238.49284pt.
File: UDEA.png Graphic file (type png)
<use UDEA.png>
Package pdftex.def Info: UDEA.png  used on input line 421.
(pdftex.def)             Requested size: 245.71364pt x 317.98236pt.
 [70

]
File: UDEA.png Graphic file (type png)
<use UDEA.png>
Package pdftex.def Info: UDEA.png  used on input line 421.
(pdftex.def)             Requested size: 184.28992pt x 238.49284pt.
File: UDEA.png Graphic file (type png)
<use UDEA.png>
Package pdftex.def Info: UDEA.png  used on input line 421.
(pdftex.def)             Requested size: 245.71364pt x 317.98236pt.
 [71

]
File: UDEA.png Graphic file (type png)
<use UDEA.png>
Package pdftex.def Info: UDEA.png  used on input line 421.
(pdftex.def)             Requested size: 184.28992pt x 238.49284pt.
File: UDEA.png Graphic file (type png)
<use UDEA.png>
Package pdftex.def Info: UDEA.png  used on input line 421.
(pdftex.def)             Requested size: 245.71364pt x 317.98236pt.
 [72

]
Overfull \hbox (36.12941pt too wide) in paragraph at lines 436--436
[][]  
 []

File: UDEA.png Graphic file (type png)
<use UDEA.png>
Package pdftex.def Info: UDEA.png  used on input line 436.
(pdftex.def)             Requested size: 184.28992pt x 238.49284pt.
File: UDEA.png Graphic file (type png)
<use UDEA.png>
Package pdftex.def Info: UDEA.png  used on input line 436.
(pdftex.def)             Requested size: 245.71364pt x 317.98236pt.
[73

]
File: UDEA.png Graphic file (type png)
<use UDEA.png>
Package pdftex.def Info: UDEA.png  used on input line 436.
(pdftex.def)             Requested size: 184.28992pt x 238.49284pt.
File: UDEA.png Graphic file (type png)
<use UDEA.png>
Package pdftex.def Info: UDEA.png  used on input line 436.
(pdftex.def)             Requested size: 245.71364pt x 317.98236pt.
 [74

]
File: UDEA.png Graphic file (type png)
<use UDEA.png>
Package pdftex.def Info: UDEA.png  used on input line 436.
(pdftex.def)             Requested size: 184.28992pt x 238.49284pt.
File: UDEA.png Graphic file (type png)
<use UDEA.png>
Package pdftex.def Info: UDEA.png  used on input line 436.
(pdftex.def)             Requested size: 245.71364pt x 317.98236pt.
 [75

]
File: UDEA.png Graphic file (type png)
<use UDEA.png>
Package pdftex.def Info: UDEA.png  used on input line 436.
(pdftex.def)             Requested size: 184.28992pt x 238.49284pt.
File: UDEA.png Graphic file (type png)
<use UDEA.png>
Package pdftex.def Info: UDEA.png  used on input line 436.
(pdftex.def)             Requested size: 245.71364pt x 317.98236pt.
 [76

]
Overfull \hbox (36.12941pt too wide) in paragraph at lines 447--447
[][]  
 []

File: UDEA.png Graphic file (type png)
<use UDEA.png>
Package pdftex.def Info: UDEA.png  used on input line 447.
(pdftex.def)             Requested size: 184.28992pt x 238.49284pt.
File: UDEA.png Graphic file (type png)
<use UDEA.png>
Package pdftex.def Info: UDEA.png  used on input line 447.
(pdftex.def)             Requested size: 245.71364pt x 317.98236pt.
[77

]
Overfull \hbox (36.12941pt too wide) in paragraph at lines 449--449
[][]  
 []

(./definiciones_inductivas.toc
LaTeX Info: Redefining \. on input line 1.
LaTeX Info: Redefining \% on input line 1.
)
File: UDEA.png Graphic file (type png)
<use UDEA.png>
Package pdftex.def Info: UDEA.png  used on input line 449.
(pdftex.def)             Requested size: 184.28992pt x 238.49284pt.
File: UDEA.png Graphic file (type png)
<use UDEA.png>
Package pdftex.def Info: UDEA.png  used on input line 449.
(pdftex.def)             Requested size: 245.71364pt x 317.98236pt.
 [78

]
Overfull \hbox (36.12941pt too wide) in paragraph at lines 466--466
[][]  
 []

File: UDEA.png Graphic file (type png)
<use UDEA.png>
Package pdftex.def Info: UDEA.png  used on input line 466.
(pdftex.def)             Requested size: 184.28992pt x 238.49284pt.
File: UDEA.png Graphic file (type png)
<use UDEA.png>
Package pdftex.def Info: UDEA.png  used on input line 466.
(pdftex.def)             Requested size: 245.71364pt x 317.98236pt.
[79

]
File: UDEA.png Graphic file (type png)
<use UDEA.png>
Package pdftex.def Info: UDEA.png  used on input line 466.
(pdftex.def)             Requested size: 184.28992pt x 238.49284pt.
File: UDEA.png Graphic file (type png)
<use UDEA.png>
Package pdftex.def Info: UDEA.png  used on input line 466.
(pdftex.def)             Requested size: 245.71364pt x 317.98236pt.
 [80

]
File: UDEA.png Graphic file (type png)
<use UDEA.png>
Package pdftex.def Info: UDEA.png  used on input line 466.
(pdftex.def)             Requested size: 184.28992pt x 238.49284pt.
File: UDEA.png Graphic file (type png)
<use UDEA.png>
Package pdftex.def Info: UDEA.png  used on input line 466.
(pdftex.def)             Requested size: 245.71364pt x 317.98236pt.
 [81

]
File: UDEA.png Graphic file (type png)
<use UDEA.png>
Package pdftex.def Info: UDEA.png  used on input line 466.
(pdftex.def)             Requested size: 184.28992pt x 238.49284pt.
File: UDEA.png Graphic file (type png)
<use UDEA.png>
Package pdftex.def Info: UDEA.png  used on input line 466.
(pdftex.def)             Requested size: 245.71364pt x 317.98236pt.
 [82

]
File: UDEA.png Graphic file (type png)
<use UDEA.png>
Package pdftex.def Info: UDEA.png  used on input line 466.
(pdftex.def)             Requested size: 184.28992pt x 238.49284pt.
File: UDEA.png Graphic file (type png)
<use UDEA.png>
Package pdftex.def Info: UDEA.png  used on input line 466.
(pdftex.def)             Requested size: 245.71364pt x 317.98236pt.
 [83

]
File: UDEA.png Graphic file (type png)
<use UDEA.png>
Package pdftex.def Info: UDEA.png  used on input line 466.
(pdftex.def)             Requested size: 184.28992pt x 238.49284pt.
File: UDEA.png Graphic file (type png)
<use UDEA.png>
Package pdftex.def Info: UDEA.png  used on input line 466.
(pdftex.def)             Requested size: 245.71364pt x 317.98236pt.
 [84

]
Overfull \hbox (36.12941pt too wide) in paragraph at lines 485--485
[][]  
 []

LaTeX Font Info:    External font `lmex10' loaded for size
(Font)              <10.95> on input line 485.
File: UDEA.png Graphic file (type png)
<use UDEA.png>
Package pdftex.def Info: UDEA.png  used on input line 485.
(pdftex.def)             Requested size: 184.28992pt x 238.49284pt.

Overfull \vbox (1.4384pt too high) detected at line 485
 []

File: UDEA.png Graphic file (type png)
<use UDEA.png>
Package pdftex.def Info: UDEA.png  used on input line 485.
(pdftex.def)             Requested size: 245.71364pt x 317.98236pt.
[85

]
File: UDEA.png Graphic file (type png)
<use UDEA.png>
Package pdftex.def Info: UDEA.png  used on input line 485.
(pdftex.def)             Requested size: 184.28992pt x 238.49284pt.

Overfull \vbox (1.4384pt too high) detected at line 485
 []

File: UDEA.png Graphic file (type png)
<use UDEA.png>
Package pdftex.def Info: UDEA.png  used on input line 485.
(pdftex.def)             Requested size: 245.71364pt x 317.98236pt.
[86

]
File: UDEA.png Graphic file (type png)
<use UDEA.png>
Package pdftex.def Info: UDEA.png  used on input line 485.
(pdftex.def)             Requested size: 184.28992pt x 238.49284pt.

Overfull \vbox (1.4384pt too high) detected at line 485
 []

File: UDEA.png Graphic file (type png)
<use UDEA.png>
Package pdftex.def Info: UDEA.png  used on input line 485.
(pdftex.def)             Requested size: 245.71364pt x 317.98236pt.
[87

]
File: UDEA.png Graphic file (type png)
<use UDEA.png>
Package pdftex.def Info: UDEA.png  used on input line 485.
(pdftex.def)             Requested size: 184.28992pt x 238.49284pt.

Overfull \vbox (1.4384pt too high) detected at line 485
 []

File: UDEA.png Graphic file (type png)
<use UDEA.png>
Package pdftex.def Info: UDEA.png  used on input line 485.
(pdftex.def)             Requested size: 245.71364pt x 317.98236pt.
[88

]
File: UDEA.png Graphic file (type png)
<use UDEA.png>
Package pdftex.def Info: UDEA.png  used on input line 485.
(pdftex.def)             Requested size: 184.28992pt x 238.49284pt.

Overfull \vbox (1.4384pt too high) detected at line 485
 []

File: UDEA.png Graphic file (type png)
<use UDEA.png>
Package pdftex.def Info: UDEA.png  used on input line 485.
(pdftex.def)             Requested size: 245.71364pt x 317.98236pt.
[89

]
File: UDEA.png Graphic file (type png)
<use UDEA.png>
Package pdftex.def Info: UDEA.png  used on input line 485.
(pdftex.def)             Requested size: 184.28992pt x 238.49284pt.

Overfull \vbox (1.4384pt too high) detected at line 485
 []

File: UDEA.png Graphic file (type png)
<use UDEA.png>
Package pdftex.def Info: UDEA.png  used on input line 485.
(pdftex.def)             Requested size: 245.71364pt x 317.98236pt.
[90

]
Overfull \hbox (36.12941pt too wide) in paragraph at lines 493--493
[][]  
 []

File: UDEA.png Graphic file (type png)
<use UDEA.png>
Package pdftex.def Info: UDEA.png  used on input line 493.
(pdftex.def)             Requested size: 184.28992pt x 238.49284pt.
File: UDEA.png Graphic file (type png)
<use UDEA.png>
Package pdftex.def Info: UDEA.png  used on input line 493.
(pdftex.def)             Requested size: 245.71364pt x 317.98236pt.
[91

]
File: UDEA.png Graphic file (type png)
<use UDEA.png>
Package pdftex.def Info: UDEA.png  used on input line 493.
(pdftex.def)             Requested size: 184.28992pt x 238.49284pt.
File: UDEA.png Graphic file (type png)
<use UDEA.png>
Package pdftex.def Info: UDEA.png  used on input line 493.
(pdftex.def)             Requested size: 245.71364pt x 317.98236pt.
 [92

]
File: UDEA.png Graphic file (type png)
<use UDEA.png>
Package pdftex.def Info: UDEA.png  used on input line 493.
(pdftex.def)             Requested size: 184.28992pt x 238.49284pt.
File: UDEA.png Graphic file (type png)
<use UDEA.png>
Package pdftex.def Info: UDEA.png  used on input line 493.
(pdftex.def)             Requested size: 245.71364pt x 317.98236pt.
 [93

]
Overfull \hbox (36.12941pt too wide) in paragraph at lines 514--514
[][]  
 []

File: UDEA.png Graphic file (type png)
<use UDEA.png>
Package pdftex.def Info: UDEA.png  used on input line 514.
(pdftex.def)             Requested size: 184.28992pt x 238.49284pt.
File: UDEA.png Graphic file (type png)
<use UDEA.png>
Package pdftex.def Info: UDEA.png  used on input line 514.
(pdftex.def)             Requested size: 245.71364pt x 317.98236pt.
[94

 </usr/local/texlive/2023/texmf-dist/tex/latex/beamer/beamericonarticle.pdf>]
Overfull \hbox (36.12941pt too wide) in paragraph at lines 520--520
[][]  
 []

LaTeX Font Info:    Font shape `T1/calligra/m/n' will be
(Font)              scaled to size 24.88324pt on input line 520.
File: UDEA.png Graphic file (type png)
<use UDEA.png>
Package pdftex.def Info: UDEA.png  used on input line 520.
(pdftex.def)             Requested size: 245.71364pt x 317.98236pt.
[95

]
\tf@nav=\write6
\openout6 = `definiciones_inductivas.nav'.

\tf@toc=\write7
\openout7 = `definiciones_inductivas.toc'.

\tf@snm=\write8
\openout8 = `definiciones_inductivas.snm'.

 (./definiciones_inductivas.aux
LaTeX Info: Redefining \. on input line 22.
LaTeX Info: Redefining \% on input line 22.
)
 ***********
LaTeX2e <2023-06-01> patch level 1
L3 programming layer <2023-08-29>
 ***********
Package rerunfilecheck Info: File `definiciones_inductivas.out' has not changed.
(rerunfilecheck)             Checksum: A2DCF71684BB020F956EBE32FDC3F3F2;1172.
 ) 
Here is how much of TeX's memory you used:
 33206 strings out of 474928
 676146 string characters out of 5759533
 1978791 words of memory out of 5000000
 53854 multiletter control sequences out of 15000+600000
 608602 words of font info for 92 fonts, out of 8000000 for 9000
 1141 hyphenation exceptions out of 8191
 128i,15n,123p,502b,952s stack positions out of 10000i,1000n,20000p,200000b,200000s
</usr/local/texlive/2023/texmf-dist/fonts/type1/public/calligra-type1/callig15.pfb></usr/local/texlive/2023/texmf-dist/fonts/type1/public/lm/lmex10.pfb></usr/local/texlive/2023/texmf-dist/fonts/type1/public/lm/lmmi10.pfb></usr/local/texlive/2023/texmf-dist/fonts/type1/public/lm/lmmi5.pfb></usr/local/texlive/2023/texmf-dist/fonts/type1/public/lm/lmmi6.pfb></usr/local/texlive/2023/texmf-dist/fonts/type1/public/lm/lmmi7.pfb></usr/local/texlive/2023/texmf-dist/fonts/type1/public/lm/lmmi8.pfb></usr/local/texlive/2023/texmf-dist/fonts/type1/public/lm/lmr10.pfb></usr/local/texlive/2023/texmf-dist/fonts/type1/public/lm/lmr6.pfb></usr/local/texlive/2023/texmf-dist/fonts/type1/public/lm/lmr7.pfb></usr/local/texlive/2023/texmf-dist/fonts/type1/public/lm/lmr8.pfb></usr/local/texlive/2023/texmf-dist/fonts/type1/public/lm/lmss10.pfb></usr/local/texlive/2023/texmf-dist/fonts/type1/public/lm/lmss8.pfb></usr/local/texlive/2023/texmf-dist/fonts/type1/public/lm/lmsso8.pfb></usr/local/texlive/2023/texmf-dist/fonts/type1/public/lm/lmsy10.pfb></usr/local/texlive/2023/texmf-dist/fonts/type1/public/lm/lmsy6.pfb></usr/local/texlive/2023/texmf-dist/fonts/type1/public/lm/lmsy7.pfb></usr/local/texlive/2023/texmf-dist/fonts/type1/public/lm/lmsy8.pfb></usr/local/texlive/2023/texmf-dist/fonts/type1/public/amsfonts/symbols/msbm10.pfb></usr/local/texlive/2023/texmf-dist/fonts/type1/public/stmaryrd/stmary7.pfb></usr/local/texlive/2023/texmf-dist/fonts/type1/public/stmaryrd/stmary8.pfb>
Output written on definiciones_inductivas.pdf (95 pages, 703313 bytes).
PDF statistics:
 3638 PDF objects out of 4296 (max. 8388607)
 2958 compressed objects within 30 object streams
 199 named destinations out of 1000 (max. 500000)
 2882 words of extra memory for PDF output out of 10000 (max. 10000000)

