\BOOKMARK [1][-]{section.1}{\376\377\000I\000n\000t\000r\000o\000d\000u\000c\000c\000i\000\363\000n}{}% 1
\BOOKMARK [2][-]{subsection.1.1}{\376\377\000C\000o\000n\000c\000e\000p\000t\000o\000s\000\040\000B\000\341\000s\000i\000c\000o\000s}{section.1}% 2
\BOOKMARK [2][-]{subsection.1.2}{\376\377\000C\000o\000n\000t\000e\000x\000t\000u\000a\000l\000i\000z\000a\000c\000i\000\363\000n}{section.1}% 3
\BOOKMARK [1][-]{section.2}{\376\377\000E\000l\000\040\000o\000r\000i\000g\000e\000n\000\040\000d\000e\000l\000\040\000S\000t\000r\000e\000a\000m\000i\000n\000g}{}% 4
\BOOKMARK [1][-]{section.3}{\376\377\000\277\000E\000s\000\040\000K\000a\000f\000k\000a\000\040\000L\000o\000\040\000Q\000u\000e\000\040\000P\000i\000e\000n\000s\000a\000s\000\040\000Q\000u\000e\000\040\000E\000s\000?}{}% 5
\BOOKMARK [2][-]{subsection.3.1}{\376\377\000\277\000K\000a\000f\000k\000a\000\040\000e\000s\000\040\000c\000o\000m\000o\000\040\000R\000E\000S\000T\000,\000\040\000p\000e\000r\000o\000\040\000A\000s\000\355\000n\000c\000r\000o\000n\000o\000?}{section.3}% 6
\BOOKMARK [2][-]{subsection.3.2}{\376\377\000\277\000K\000a\000f\000k\000a\000\040\000e\000s\000\040\000c\000o\000m\000o\000\040\000u\000n\000\040\000s\000i\000s\000t\000e\000m\000a\000\040\000d\000e\000\040\000m\000e\000n\000s\000a\000j\000e\000r\000\355\000a\000?}{section.3}% 7
\BOOKMARK [2][-]{subsection.3.3}{\376\377\000\277\000K\000a\000f\000k\000a\000\040\000e\000s\000\040\000c\000o\000m\000o\000\040\000u\000n\000a\000\040\000b\000a\000s\000e\000\040\000d\000e\000\040\000d\000a\000t\000o\000s\000?}{section.3}% 8
\BOOKMARK [2][-]{subsection.3.4}{\376\377\000\277\000Q\000u\000\351\000\040\000e\000s\000\040\000K\000a\000f\000k\000a\000\040\000r\000e\000a\000l\000m\000e\000n\000t\000e\000?\000\040\000U\000n\000a\000\040\000p\000l\000a\000t\000a\000f\000o\000r\000m\000a\000\040\000d\000e\000\040\000s\000t\000r\000e\000a\000m\000i\000n\000g}{section.3}% 9
\BOOKMARK [1][-]{section.4}{\376\377\000M\000\341\000s\000\040\000a\000l\000l\000\341\000\040\000d\000e\000\040\000l\000a\000\040\000m\000e\000n\000s\000a\000j\000e\000r\000\355\000a\000:\000\040\000u\000n\000a\000\040\000d\000e\000s\000c\000r\000i\000p\000c\000i\000\363\000n\000\040\000g\000e\000n\000e\000r\000a\000l\000\040\000d\000e\000l\000\040\000K\000a\000f\000k\000a\000\040\000B\000r\000o\000k\000e\000r}{}% 10
\BOOKMARK [2][-]{subsection.4.1}{\376\377\000E\000l\000\040\000L\000o\000g\000:\000\040\000U\000n\000a\000\040\000e\000s\000t\000r\000u\000c\000t\000u\000r\000a\000\040\000e\000f\000i\000c\000i\000e\000n\000t\000e\000\040\000p\000a\000r\000a\000\040\000r\000e\000t\000e\000n\000e\000r\000\040\000y\000\040\000d\000i\000s\000t\000r\000i\000b\000u\000c\000i\000\363\000n\000\040\000d\000e\000\040\000m\000e\000n\000s\000a\000j\000e\000s}{section.4}% 11
\BOOKMARK [2][-]{subsection.4.2}{\376\377\000P\000a\000r\000t\000i\000c\000i\000o\000n\000e\000s\000\040\000y\000\040\000c\000o\000m\000p\000a\000r\000t\000i\000m\000e\000n\000t\000a\000c\000i\000\363\000n}{section.4}% 12
\BOOKMARK [2][-]{subsection.4.3}{\376\377\000E\000s\000c\000a\000l\000a\000b\000i\000l\000i\000d\000a\000d\000\040\000l\000i\000n\000e\000a\000l}{section.4}% 13
\BOOKMARK [2][-]{subsection.4.4}{\376\377\000S\000e\000g\000r\000e\000g\000a\000c\000i\000\363\000n\000\040\000d\000e\000\040\000l\000a\000\040\000c\000a\000r\000g\000a\000\040\000e\000n\000\040\000e\000c\000o\000s\000i\000s\000t\000e\000m\000a\000s\000\040\000m\000u\000l\000t\000i\000s\000e\000r\000v\000i\000c\000i\000o}{section.4}% 14
\BOOKMARK [2][-]{subsection.4.5}{\376\377\000M\000a\000n\000t\000e\000n\000e\000r\000\040\000s\000\363\000l\000i\000d\000a\000s\000\040\000g\000a\000r\000a\000n\000t\000\355\000a\000s\000\040\000d\000e\000\040\000p\000e\000d\000i\000d\000o}{section.4}% 15
\BOOKMARK [2][-]{subsection.4.6}{\376\377\000G\000a\000r\000a\000n\000t\000i\000z\000a\000r\000\040\000l\000a\000\040\000d\000u\000r\000a\000b\000i\000l\000i\000d\000a\000d\000\040\000d\000e\000\040\000l\000o\000s\000\040\000m\000e\000n\000s\000a\000j\000e\000s}{section.4}% 16
\BOOKMARK [2][-]{subsection.4.7}{\376\377\000S\000e\000r\000v\000i\000c\000i\000o\000s\000\040\000d\000e\000\040\000e\000q\000u\000i\000l\000i\000b\000r\000i\000o\000\040\000d\000e\000\040\000c\000a\000r\000g\000a\000\040\000y\000\040\000h\000a\000c\000e\000r\000l\000o\000s\000\040\000a\000l\000t\000a\000m\000e\000n\000t\000e\000\040\000d\000i\000s\000p\000o\000n\000i\000b\000l\000e\000s}{section.4}% 17
\BOOKMARK [2][-]{subsection.4.8}{\376\377\000T\000e\000m\000a\000s\000\040\000c\000o\000m\000p\000a\000c\000t\000a\000d\000o\000s}{section.4}% 18
\BOOKMARK [2][-]{subsection.4.9}{\376\377\000A\000l\000m\000a\000c\000e\000n\000a\000m\000i\000e\000n\000t\000o\000\040\000d\000e\000\040\000d\000a\000t\000o\000s\000\040\000a\000\040\000l\000a\000r\000g\000o\000\040\000p\000l\000a\000z\000o}{section.4}% 19
\BOOKMARK [2][-]{subsection.4.10}{\376\377\000S\000e\000g\000u\000r\000i\000d\000a\000d}{section.4}% 20
\BOOKMARK [2][-]{subsection.4.11}{\376\377\000R\000e\000s\000u\000m\000e\000n}{section.4}% 21
\BOOKMARK [1][-]{section.5}{\376\377\000E\000j\000e\000m\000p\000l\000o\000\040\000p\000r\000\341\000c\000t\000i\000c\000o\000\040\000d\000e\000\040\000k\000a\000f\000k\000a}{}% 22
\BOOKMARK [2][-]{subsection.5.1}{\376\377\000I\000n\000s\000t\000a\000l\000a\000c\000i\000\363\000n}{section.5}% 23
\BOOKMARK [3][-]{subsubsection.5.1.1}{\376\377\000I\000n\000s\000t\000a\000l\000a\000c\000i\000\363\000n\000\040\000d\000e\000l\000\040\000j\000d\000k}{subsection.5.1}% 24
\BOOKMARK [3][-]{subsubsection.5.1.2}{\376\377\000I\000n\000s\000t\000a\000l\000a\000c\000i\000\363\000n\000\040\000A\000p\000a\000c\000h\000e\000\040\000K\000a\000f\000k\000a}{subsection.5.1}% 25
\BOOKMARK [3][-]{subsubsection.5.1.3}{\376\377\000I\000n\000i\000c\000i\000a\000r\000\040\000e\000l\000\040\000a\000p\000a\000c\000h\000e\000\040\000k\000a\000f\000k\000a}{subsection.5.1}% 26
\BOOKMARK [2][-]{subsection.5.2}{\376\377\000C\000r\000e\000a\000c\000i\000\363\000n\000\040\000y\000\040\000l\000i\000s\000t\000a\000d\000o\000\040\000d\000e\000\040\000t\000o\000p\000i\000c\000s\000\040}{section.5}% 27
\BOOKMARK [2][-]{subsection.5.3}{\376\377\000P\000u\000b\000l\000i\000c\000a\000r\000\040\000c\000o\000n\000t\000e\000n\000i\000d\000o\000\040\000e\000n\000\040\000u\000n\000\040\000t\000o\000p\000i\000c\000\040\000c\000o\000n\000\040\000u\000n\000\040\000p\000r\000o\000d\000u\000c\000t\000o\000r\000\040\000p\000o\000r\000\040\000t\000e\000r\000m\000i\000n\000a\000l}{section.5}% 28
\BOOKMARK [2][-]{subsection.5.4}{\376\377\000C\000o\000n\000s\000u\000m\000i\000r\000\040\000d\000a\000t\000o\000s\000\040\000d\000e\000\040\000u\000n\000\040\000t\000o\000p\000i\000c\000\040\000c\000o\000n\000\040\000u\000n\000\040\000c\000o\000n\000s\000u\000m\000i\000d\000o\000r\000\040\000p\000o\000r\000\040\000t\000e\000r\000m\000i\000n\000a\000l}{section.5}% 29
\BOOKMARK [2][-]{subsection.5.5}{\376\377\000M\000e\000n\000s\000a\000j\000e\000s\000\040\000c\000o\000n\000\040\000k\000e\000y}{section.5}% 30
\BOOKMARK [2][-]{subsection.5.6}{\376\377\000E\000j\000e\000r\000c\000i\000c\000i\000o\000s}{section.5}% 31
\BOOKMARK [1][-]{section.6}{\376\377\000D\000o\000c\000k\000e\000r}{}% 32
\BOOKMARK [2][-]{subsection.6.1}{\376\377\000i\000n\000s\000t\000a\000l\000a\000c\000i\000\363\000n\000\040\000d\000e\000\040\000D\000o\000c\000k\000e\000r}{section.6}% 33
\BOOKMARK [2][-]{subsection.6.2}{\376\377\000C\000r\000e\000a\000c\000i\000\363\000n\000\040\000d\000e\000\040\000u\000n\000\040\000D\000o\000c\000k\000e\000r\000f\000i\000l\000e}{section.6}% 34
\BOOKMARK [2][-]{subsection.6.3}{\376\377\000E\000j\000e\000m\000p\000l\000o\000s\000\040\000p\000r\000\341\000c\000t\000i\000c\000o\000s}{section.6}% 35
\BOOKMARK [3][-]{subsubsection.6.3.1}{\376\377\000C\000r\000e\000a\000r\000\040\000u\000n\000a\000\040\000i\000m\000a\000g\000e\000n\000\040\000d\000e\000\040\000D\000o\000c\000k\000e\000r\000\040\000a\000\040\000p\000a\000r\000t\000i\000r\000\040\000d\000e\000\040\000u\000n\000\040\000D\000o\000c\000k\000e\000r\000f\000i\000l\000e}{subsection.6.3}% 36
\BOOKMARK [3][-]{subsubsection.6.3.2}{\376\377\000C\000r\000e\000a\000r\000\040\000u\000n\000a\000\040\000i\000m\000a\000g\000e\000n\000\040\000d\000e\000\040\000D\000o\000c\000k\000e\000r\000\040\000p\000a\000r\000a\000\040\000u\000n\000a\000\040\000a\000p\000l\000i\000c\000a\000c\000i\000\363\000n\000\040\000w\000e\000b\000\040\000F\000l\000a\000s\000k}{subsection.6.3}% 37
\BOOKMARK [1][-]{section.7}{\376\377\000K\000a\000f\000k\000a\000\040\000c\000o\000n\000n\000e\000c\000t}{}% 38
\BOOKMARK [2][-]{subsection.7.1}{\376\377\000H\000a\000c\000e\000r\000\040\000q\000u\000i\000c\000k\000s\000t\000a\000r\000\040\000d\000e\000\040\000k\000a\000f\000k\000a\000\040\000c\000o\000n\000n\000e\000c\000t\000\040\000Q\000u\000i\000c\000k\000s\000t\000a\000r\000t}{section.7}% 39
\BOOKMARK [3][-]{subsubsection.7.1.1}{\376\377\000H\000a\000c\000e\000r\000\040\000u\000n\000\040\000q\000u\000i\000c\000k\000s\000t\000a\000r\000t\000\040\000d\000e\000\040\000K\000a\000f\000k\000a\000\040\000C\000o\000n\000n\000e\000c\000t}{subsection.7.1}% 40
\BOOKMARK [3][-]{subsubsection.7.1.2}{\376\377\000E\000j\000e\000m\000p\000l\000o\000\040\000p\000r\000\341\000c\000t\000i\000c\000o\000\040\000d\000e\000\040\000K\000a\000f\000k\000a\000\040\000C\000o\000n\000n\000e\000c\000t}{subsection.7.1}% 41
\BOOKMARK [2][-]{subsection.7.2}{\376\377\000E\000j\000e\000m\000p\000l\000o\000\040\000d\000e\000\040\000K\000a\000f\000k\000a\000\040\000C\000o\000n\000n\000e\000c\000t\000\040\000l\000e\000y\000e\000n\000d\000o\000\040\000u\000n\000\040\000a\000r\000c\000h\000i\000v\000o\000\040\000d\000e\000\040\000t\000e\000x\000t\000o\000\040\000p\000l\000a\000n\000o\000\040\000y\000\040\000e\000n\000v\000i\000\341\000n\000d\000o\000l\000o\000\040\000a\000\040\000u\000n\000\040\000t\000e\000m\000a\000\040\000d\000e\000\040\000K\000a\000f\000k\000a\000\040\000e\000n\000\040\000f\000o\000r\000m\000a\000t\000o\000\040\000J\000S\000O\000N}{section.7}% 42
\BOOKMARK [1][-]{section.8}{\376\377\000B\000i\000b\000l\000i\000o\000g\000r\000a\000f\000\355\000a}{}% 43
